{"level":"info","message":"::1 - - [18/Jul/2025:08:10:19 +0000] \"POST /user/auth/logout HTTP/1.1\" 200 38 \"-\" \"PostmanRuntime/7.44.1\"","timestamp":"2025-07-18 13:40:19"}
{"level":"info","message":"::1 - - [18/Jul/2025:08:10:23 +0000] \"POST /user/auth/login HTTP/1.1\" 200 103 \"-\" \"PostmanRuntime/7.44.1\"","timestamp":"2025-07-18 13:40:23"}
{"level":"info","message":"::1 - - [18/Jul/2025:08:10:26 +0000] \"POST /user/auth/login HTTP/1.1\" 200 103 \"-\" \"PostmanRuntime/7.44.1\"","timestamp":"2025-07-18 13:40:26"}
{"level":"info","message":"::1 - - [18/Jul/2025:08:10:27 +0000] \"POST /user/auth/login HTTP/1.1\" 200 103 \"-\" \"PostmanRuntime/7.44.1\"","timestamp":"2025-07-18 13:40:27"}
{"level":"info","message":"::1 - - [18/Jul/2025:08:10:28 +0000] \"POST /user/auth/login HTTP/1.1\" 200 103 \"-\" \"PostmanRuntime/7.44.1\"","timestamp":"2025-07-18 13:40:28"}
{"level":"info","message":"::1 - - [18/Jul/2025:08:10:29 +0000] \"POST /user/auth/login HTTP/1.1\" 200 103 \"-\" \"PostmanRuntime/7.44.1\"","timestamp":"2025-07-18 13:40:29"}
{"level":"info","message":"::1 - - [18/Jul/2025:09:36:13 +0000] \"POST /user/auth/Signup HTTP/1.1\" 200 90 \"-\" \"PostmanRuntime/7.44.1\"","timestamp":"2025-07-18 15:06:13"}
{"level":"info","message":"::1 - - [18/Jul/2025:09:39:28 +0000] \"POST /user/auth/verify-otp HTTP/1.1\" 200 114 \"-\" \"PostmanRuntime/7.44.1\"","timestamp":"2025-07-18 15:09:28"}
{"level":"info","message":"::1 - - [20/Jul/2025:10:40:42 +0000] \"POST /user/auth/login HTTP/1.1\" 200 103 \"-\" \"PostmanRuntime/7.44.1\"","timestamp":"2025-07-20 16:10:42"}
{"level":"info","message":"::1 - - [20/Jul/2025:10:42:30 +0000] \"PATCH /user/info/onboarding HTTP/1.1\" 200 428 \"-\" \"PostmanRuntime/7.44.1\"","timestamp":"2025-07-20 16:12:30"}
{"level":"info","message":"::1 - - [20/Jul/2025:10:42:47 +0000] \"PATCH /user/info/onboarding HTTP/1.1\" 200 428 \"-\" \"PostmanRuntime/7.44.1\"","timestamp":"2025-07-20 16:12:47"}
{"level":"info","message":"::1 - - [20/Jul/2025:10:43:24 +0000] \"PATCH /user/info/onboarding HTTP/1.1\" 200 428 \"-\" \"PostmanRuntime/7.44.1\"","timestamp":"2025-07-20 16:13:24"}
{"level":"info","message":"::1 - - [20/Jul/2025:10:45:47 +0000] \"POST /user/auth/logout HTTP/1.1\" 200 38 \"-\" \"PostmanRuntime/7.44.1\"","timestamp":"2025-07-20 16:15:47"}
{"level":"info","message":"::1 - - [20/Jul/2025:10:45:59 +0000] \"PATCH /user/info/onboarding HTTP/1.1\" 401 36 \"-\" \"PostmanRuntime/7.44.1\"","timestamp":"2025-07-20 16:15:59"}
{"level":"info","message":"::1 - - [20/Jul/2025:10:46:06 +0000] \"POST /user/auth/login HTTP/1.1\" 200 103 \"-\" \"PostmanRuntime/7.44.1\"","timestamp":"2025-07-20 16:16:06"}
{"level":"info","message":"::1 - - [20/Jul/2025:10:46:09 +0000] \"PATCH /user/info/onboarding HTTP/1.1\" 200 428 \"-\" \"PostmanRuntime/7.44.1\"","timestamp":"2025-07-20 16:16:09"}
{"level":"info","message":"::1 - - [20/Jul/2025:10:46:43 +0000] \"PATCH /user/info/onboarding HTTP/1.1\" 200 428 \"-\" \"PostmanRuntime/7.44.1\"","timestamp":"2025-07-20 16:16:43"}
{"level":"info","message":"::1 - - [20/Jul/2025:10:46:57 +0000] \"PATCH /user/info/onboarding HTTP/1.1\" 200 428 \"-\" \"PostmanRuntime/7.44.1\"","timestamp":"2025-07-20 16:16:57"}
{"level":"info","message":"::1 - - [20/Jul/2025:10:53:55 +0000] \"PATCH /user/info/onboarding HTTP/1.1\" 200 488 \"-\" \"PostmanRuntime/7.44.1\"","timestamp":"2025-07-20 16:23:55"}
{"level":"info","message":"::1 - - [20/Jul/2025:10:54:28 +0000] \"PATCH /user/info/onboarding HTTP/1.1\" 500 43 \"-\" \"PostmanRuntime/7.44.1\"","timestamp":"2025-07-20 16:24:28"}
{"level":"info","message":"::1 - - [20/Jul/2025:10:54:45 +0000] \"PATCH /user/info/onboarding HTTP/1.1\" 200 489 \"-\" \"PostmanRuntime/7.44.1\"","timestamp":"2025-07-20 16:24:45"}
{"level":"info","message":"::1 - - [20/Jul/2025:10:55:48 +0000] \"PATCH /user/info/onboarding HTTP/1.1\" 200 489 \"-\" \"PostmanRuntime/7.44.1\"","timestamp":"2025-07-20 16:25:48"}
{"level":"info","message":"::1 - - [20/Jul/2025:10:55:58 +0000] \"PATCH /user/info/onboarding HTTP/1.1\" 200 489 \"-\" \"PostmanRuntime/7.44.1\"","timestamp":"2025-07-20 16:25:58"}
{"level":"info","message":"::1 - - [20/Jul/2025:10:56:08 +0000] \"PATCH /user/info/onboarding HTTP/1.1\" 500 43 \"-\" \"PostmanRuntime/7.44.1\"","timestamp":"2025-07-20 16:26:08"}
{"level":"info","message":"::1 - - [20/Jul/2025:10:56:23 +0000] \"PATCH /user/info/onboarding HTTP/1.1\" 200 522 \"-\" \"PostmanRuntime/7.44.1\"","timestamp":"2025-07-20 16:26:23"}
{"level":"info","message":"::1 - - [20/Jul/2025:11:05:17 +0000] \"GET /user/info/onboarding HTTP/1.1\" 200 251 \"-\" \"PostmanRuntime/7.44.1\"","timestamp":"2025-07-20 16:35:17"}
{"level":"info","message":"::1 - - [20/Jul/2025:11:11:58 +0000] \"GET /user/onboarding HTTP/1.1\" 404 154 \"-\" \"Mozilla/5.0 (Windows NT 10.0; Win64; x64) AppleWebKit/537.36 (KHTML, like Gecko) Chrome/138.0.0.0 Safari/537.36\"","timestamp":"2025-07-20 16:41:58"}
{"level":"info","message":"::1 - - [20/Jul/2025:11:12:34 +0000] \"GET /user/info//onboarding HTTP/1.1\" 401 36 \"-\" \"Mozilla/5.0 (Windows NT 10.0; Win64; x64) AppleWebKit/537.36 (KHTML, like Gecko) Chrome/138.0.0.0 Safari/537.36\"","timestamp":"2025-07-20 16:42:34"}
{"level":"info","message":"::1 - - [20/Jul/2025:11:13:20 +0000] \"GET /user/onboarding HTTP/1.1\" 404 154 \"http://127.0.0.1:5500/\" \"Mozilla/5.0 (Windows NT 10.0; Win64; x64) AppleWebKit/537.36 (KHTML, like Gecko) Chrome/138.0.0.0 Safari/537.36\"","timestamp":"2025-07-20 16:43:20"}
{"level":"info","message":"::1 - - [20/Jul/2025:11:13:20 +0000] \"GET /user/onboarding HTTP/1.1\" 404 154 \"http://127.0.0.1:5500/\" \"Mozilla/5.0 (Windows NT 10.0; Win64; x64) AppleWebKit/537.36 (KHTML, like Gecko) Chrome/138.0.0.0 Safari/537.36\"","timestamp":"2025-07-20 16:43:20"}
{"level":"info","message":"::1 - - [20/Jul/2025:11:13:23 +0000] \"GET /user/onboarding HTTP/1.1\" 404 154 \"http://127.0.0.1:5500/\" \"Mozilla/5.0 (Windows NT 10.0; Win64; x64) AppleWebKit/537.36 (KHTML, like Gecko) Chrome/138.0.0.0 Safari/537.36\"","timestamp":"2025-07-20 16:43:23"}
{"level":"info","message":"::1 - - [20/Jul/2025:11:13:41 +0000] \"GET /user/info/onboarding HTTP/1.1\" 401 36 \"http://127.0.0.1:5500/\" \"Mozilla/5.0 (Windows NT 10.0; Win64; x64) AppleWebKit/537.36 (KHTML, like Gecko) Chrome/138.0.0.0 Safari/537.36\"","timestamp":"2025-07-20 16:43:41"}
{"level":"info","message":"::1 - - [20/Jul/2025:11:13:41 +0000] \"GET /user/info/onboarding HTTP/1.1\" 401 36 \"http://127.0.0.1:5500/\" \"Mozilla/5.0 (Windows NT 10.0; Win64; x64) AppleWebKit/537.36 (KHTML, like Gecko) Chrome/138.0.0.0 Safari/537.36\"","timestamp":"2025-07-20 16:43:41"}
{"level":"info","message":"::1 - - [20/Jul/2025:11:13:41 +0000] \"GET /user/info/onboarding HTTP/1.1\" 401 36 \"http://127.0.0.1:5500/\" \"Mozilla/5.0 (Windows NT 10.0; Win64; x64) AppleWebKit/537.36 (KHTML, like Gecko) Chrome/138.0.0.0 Safari/537.36\"","timestamp":"2025-07-20 16:43:41"}
{"level":"info","message":"::1 - - [20/Jul/2025:11:13:44 +0000] \"GET /user/info/onboarding HTTP/1.1\" 401 36 \"http://127.0.0.1:5500/\" \"Mozilla/5.0 (Windows NT 10.0; Win64; x64) AppleWebKit/537.36 (KHTML, like Gecko) Chrome/138.0.0.0 Safari/537.36\"","timestamp":"2025-07-20 16:43:44"}
{"level":"info","message":"::1 - - [20/Jul/2025:11:13:47 +0000] \"GET /user/info/onboarding HTTP/1.1\" 401 36 \"http://127.0.0.1:5500/\" \"Mozilla/5.0 (Windows NT 10.0; Win64; x64) AppleWebKit/537.36 (KHTML, like Gecko) Chrome/138.0.0.0 Safari/537.36\"","timestamp":"2025-07-20 16:43:47"}
{"level":"info","message":"::1 - - [20/Jul/2025:11:14:11 +0000] \"GET /user/info/onboarding HTTP/1.1\" 401 36 \"http://127.0.0.1:5500/\" \"Mozilla/5.0 (Windows NT 10.0; Win64; x64) AppleWebKit/537.36 (KHTML, like Gecko) Chrome/138.0.0.0 Safari/537.36\"","timestamp":"2025-07-20 16:44:11"}
{"level":"info","message":"::1 - - [20/Jul/2025:11:14:11 +0000] \"GET /user/info/onboarding HTTP/1.1\" 401 36 \"http://127.0.0.1:5500/\" \"Mozilla/5.0 (Windows NT 10.0; Win64; x64) AppleWebKit/537.36 (KHTML, like Gecko) Chrome/138.0.0.0 Safari/537.36\"","timestamp":"2025-07-20 16:44:11"}
{"level":"info","message":"::1 - - [20/Jul/2025:11:14:11 +0000] \"GET /user/info/onboarding HTTP/1.1\" 401 36 \"http://127.0.0.1:5500/\" \"Mozilla/5.0 (Windows NT 10.0; Win64; x64) AppleWebKit/537.36 (KHTML, like Gecko) Chrome/138.0.0.0 Safari/537.36\"","timestamp":"2025-07-20 16:44:11"}
{"level":"info","message":"::1 - - [20/Jul/2025:11:14:11 +0000] \"GET /user/info/onboarding HTTP/1.1\" 401 36 \"http://127.0.0.1:5500/\" \"Mozilla/5.0 (Windows NT 10.0; Win64; x64) AppleWebKit/537.36 (KHTML, like Gecko) Chrome/138.0.0.0 Safari/537.36\"","timestamp":"2025-07-20 16:44:11"}
{"level":"info","message":"::1 - - [20/Jul/2025:11:14:11 +0000] \"GET /user/info/onboarding HTTP/1.1\" 401 36 \"http://127.0.0.1:5500/\" \"Mozilla/5.0 (Windows NT 10.0; Win64; x64) AppleWebKit/537.36 (KHTML, like Gecko) Chrome/138.0.0.0 Safari/537.36\"","timestamp":"2025-07-20 16:44:11"}
{"level":"info","message":"::1 - - [20/Jul/2025:11:14:14 +0000] \"GET /user/info/onboarding HTTP/1.1\" 401 36 \"http://127.0.0.1:5500/\" \"Mozilla/5.0 (Windows NT 10.0; Win64; x64) AppleWebKit/537.36 (KHTML, like Gecko) Chrome/138.0.0.0 Safari/537.36\"","timestamp":"2025-07-20 16:44:14"}
{"level":"info","message":"::1 - - [20/Jul/2025:11:14:23 +0000] \"GET /user/info/onboarding HTTP/1.1\" 401 36 \"-\" \"Mozilla/5.0 (Windows NT 10.0; Win64; x64) AppleWebKit/537.36 (KHTML, like Gecko) Chrome/138.0.0.0 Safari/537.36\"","timestamp":"2025-07-20 16:44:23"}
{"level":"info","message":"::1 - - [20/Jul/2025:11:19:37 +0000] \"POST /user/auth/login HTTP/1.1\" 200 103 \"http://127.0.0.1:5500/\" \"Mozilla/5.0 (Windows NT 10.0; Win64; x64) AppleWebKit/537.36 (KHTML, like Gecko) Chrome/138.0.0.0 Safari/537.36\"","timestamp":"2025-07-20 16:49:37"}
{"level":"info","message":"::1 - - [20/Jul/2025:11:19:55 +0000] \"POST /user/auth/login HTTP/1.1\" 200 103 \"http://127.0.0.1:5500/\" \"Mozilla/5.0 (Windows NT 10.0; Win64; x64) AppleWebKit/537.36 (KHTML, like Gecko) Chrome/138.0.0.0 Safari/537.36\"","timestamp":"2025-07-20 16:49:55"}
{"level":"info","message":"::1 - - [20/Jul/2025:11:20:32 +0000] \"POST /user/auth/logout HTTP/1.1\" 200 38 \"-\" \"PostmanRuntime/7.44.1\"","timestamp":"2025-07-20 16:50:32"}
{"level":"info","message":"::1 - - [20/Jul/2025:11:22:45 +0000] \"POST /user/auth/login HTTP/1.1\" 200 103 \"-\" \"PostmanRuntime/7.44.1\"","timestamp":"2025-07-20 16:52:45"}
{"level":"info","message":"::1 - - [20/Jul/2025:11:23:55 +0000] \"POST /user/auth/login HTTP/1.1\" 400 33 \"http://127.0.0.1:5500/\" \"Mozilla/5.0 (Windows NT 10.0; Win64; x64) AppleWebKit/537.36 (KHTML, like Gecko) Chrome/138.0.0.0 Safari/537.36\"","timestamp":"2025-07-20 16:53:55"}
{"level":"info","message":"::1 - - [20/Jul/2025:11:24:09 +0000] \"POST /user/auth/login HTTP/1.1\" 200 103 \"http://127.0.0.1:5500/\" \"Mozilla/5.0 (Windows NT 10.0; Win64; x64) AppleWebKit/537.36 (KHTML, like Gecko) Chrome/138.0.0.0 Safari/537.36\"","timestamp":"2025-07-20 16:54:09"}
{"level":"info","message":"::1 - - [20/Jul/2025:11:24:21 +0000] \"GET /user/auth/login HTTP/1.1\" 429 71 \"-\" \"Mozilla/5.0 (Windows NT 10.0; Win64; x64) AppleWebKit/537.36 (KHTML, like Gecko) Chrome/138.0.0.0 Safari/537.36\"","timestamp":"2025-07-20 16:54:21"}
{"level":"info","message":"::1 - - [20/Jul/2025:11:25:08 +0000] \"POST /user/auth/login HTTP/1.1\" 429 71 \"-\" \"PostmanRuntime/7.44.1\"","timestamp":"2025-07-20 16:55:08"}
{"level":"info","message":"::1 - - [20/Jul/2025:11:25:23 +0000] \"POST /user/auth/login HTTP/1.1\" 429 71 \"-\" \"PostmanRuntime/7.44.1\"","timestamp":"2025-07-20 16:55:23"}
{"level":"info","message":"::1 - - [20/Jul/2025:12:03:20 +0000] \"POST /user/auth/login HTTP/1.1\" 200 103 \"-\" \"PostmanRuntime/7.44.1\"","timestamp":"2025-07-20 17:33:20"}
{"level":"info","message":"::1 - - [20/Jul/2025:12:03:38 +0000] \"PATCH /user/info/onboarding HTTP/1.1\" 500 43 \"-\" \"PostmanRuntime/7.44.1\"","timestamp":"2025-07-20 17:33:38"}
{"level":"info","message":"::1 - - [20/Jul/2025:12:04:22 +0000] \"PATCH /user/info/onboarding HTTP/1.1\" 500 43 \"-\" \"PostmanRuntime/7.44.1\"","timestamp":"2025-07-20 17:34:22"}
{"level":"info","message":"::1 - - [20/Jul/2025:12:04:38 +0000] \"GET /user/info/onboarding HTTP/1.1\" 200 251 \"-\" \"PostmanRuntime/7.44.1\"","timestamp":"2025-07-20 17:34:38"}
{"level":"info","message":"::1 - - [21/Jul/2025:06:53:58 +0000] \"POST /user/auth/login HTTP/1.1\" 200 103 \"-\" \"PostmanRuntime/7.44.1\"","timestamp":"2025-07-21 12:23:58"}
{"level":"info","message":"::1 - - [21/Jul/2025:07:00:16 +0000] \"PUT /user/info/complete-profile/687a15881cd51fdab9b7d3fe HTTP/1.1\" 200 843 \"-\" \"PostmanRuntime/7.44.1\"","timestamp":"2025-07-21 12:30:16"}
{"level":"info","message":"::1 - - [21/Jul/2025:07:22:28 +0000] \"POST /user/info/onboarding HTTP/1.1\" 404 160 \"-\" \"PostmanRuntime/7.44.1\"","timestamp":"2025-07-21 12:52:28"}
{"level":"info","message":"::1 - - [21/Jul/2025:07:22:34 +0000] \"GET /user/info/onboarding HTTP/1.1\" 200 317 \"-\" \"PostmanRuntime/7.44.1\"","timestamp":"2025-07-21 12:52:34"}
{"level":"info","message":"::1 - - [21/Jul/2025:07:22:59 +0000] \"POST /user/auth/logout HTTP/1.1\" 200 38 \"-\" \"PostmanRuntime/7.44.1\"","timestamp":"2025-07-21 12:52:59"}
{"level":"info","message":"::1 - - [21/Jul/2025:07:23:04 +0000] \"GET /user/info/onboarding HTTP/1.1\" 401 36 \"-\" \"PostmanRuntime/7.44.1\"","timestamp":"2025-07-21 12:53:04"}
{"level":"info","message":"::1 - - [21/Jul/2025:07:23:12 +0000] \"POST /user/auth/login HTTP/1.1\" 200 103 \"-\" \"PostmanRuntime/7.44.1\"","timestamp":"2025-07-21 12:53:12"}
{"level":"info","message":"::1 - - [21/Jul/2025:07:23:16 +0000] \"GET /user/info/onboarding HTTP/1.1\" 200 317 \"-\" \"PostmanRuntime/7.44.1\"","timestamp":"2025-07-21 12:53:16"}
{"level":"info","message":"::1 - - [21/Jul/2025:07:25:31 +0000] \"GET /user/info/onboarding HTTP/1.1\" 200 306 \"-\" \"PostmanRuntime/7.44.1\"","timestamp":"2025-07-21 12:55:31"}
{"level":"info","message":"::1 - - [21/Jul/2025:07:27:37 +0000] \"PATCH /user/info/onboarding HTTP/1.1\" 200 811 \"-\" \"PostmanRuntime/7.44.1\"","timestamp":"2025-07-21 12:57:37"}
{"level":"info","message":"::1 - - [21/Jul/2025:07:29:05 +0000] \"POST /user/auth/signup HTTP/1.1\" 400 38 \"-\" \"PostmanRuntime/7.44.1\"","timestamp":"2025-07-21 12:59:05"}
{"level":"info","message":"::1 - - [21/Jul/2025:07:30:40 +0000] \"POST /user/auth/signup HTTP/1.1\" 200 90 \"-\" \"PostmanRuntime/7.44.1\"","timestamp":"2025-07-21 13:00:40"}
{"level":"info","message":"::1 - - [21/Jul/2025:07:31:30 +0000] \"POST /user/auth/verify-otp HTTP/1.1\" 404 29 \"-\" \"PostmanRuntime/7.44.1\"","timestamp":"2025-07-21 13:01:30"}
{"level":"info","message":"::1 - - [21/Jul/2025:07:32:18 +0000] \"POST /user/auth/verify-otp HTTP/1.1\" 200 114 \"-\" \"PostmanRuntime/7.44.1\"","timestamp":"2025-07-21 13:02:18"}
{"level":"info","message":"::1 - - [21/Jul/2025:08:37:54 +0000] \"PUT /user/info/complete-profile/687a15881cd51fdab9b7d3fe HTTP/1.1\" 404 190 \"-\" \"PostmanRuntime/7.44.1\"","timestamp":"2025-07-21 14:07:54"}
{"level":"info","message":"::1 - - [21/Jul/2025:08:38:11 +0000] \"PUT /user/info/onboarding HTTP/1.1\" 404 159 \"-\" \"PostmanRuntime/7.44.1\"","timestamp":"2025-07-21 14:08:11"}
{"level":"info","message":"::1 - - [21/Jul/2025:08:38:24 +0000] \"PATCH /user/info/onboarding HTTP/1.1\" 500 30 \"-\" \"PostmanRuntime/7.44.1\"","timestamp":"2025-07-21 14:08:24"}
{"level":"info","message":"::1 - - [21/Jul/2025:08:39:08 +0000] \"PATCH /user/info/onboarding HTTP/1.1\" 500 30 \"-\" \"PostmanRuntime/7.44.1\"","timestamp":"2025-07-21 14:09:08"}
{"level":"info","message":"::1 - - [21/Jul/2025:08:43:02 +0000] \"PATCH /user/info/onboarding HTTP/1.1\" 500 38 \"-\" \"PostmanRuntime/7.44.1\"","timestamp":"2025-07-21 14:13:02"}
{"level":"info","message":"::1 - - [21/Jul/2025:08:44:23 +0000] \"PATCH /user/info/onboarding HTTP/1.1\" 200 452 \"-\" \"PostmanRuntime/7.44.1\"","timestamp":"2025-07-21 14:14:23"}
{"level":"info","message":"::1 - - [21/Jul/2025:09:13:58 +0000] \"GET /user/info/onboarding HTTP/1.1\" 200 232 \"-\" \"PostmanRuntime/7.44.1\"","timestamp":"2025-07-21 14:43:58"}
{"level":"info","message":"::1 - - [21/Jul/2025:09:14:16 +0000] \"PATCH /user/info/onboarding HTTP/1.1\" 200 452 \"-\" \"PostmanRuntime/7.44.1\"","timestamp":"2025-07-21 14:44:16"}
{"level":"info","message":"::1 - - [21/Jul/2025:09:17:31 +0000] \"PATCH /user/info/onboarding HTTP/1.1\" 500 30 \"-\" \"PostmanRuntime/7.44.1\"","timestamp":"2025-07-21 14:47:31"}
{"level":"info","message":"::1 - - [21/Jul/2025:10:26:06 +0000] \"GET /user/info/onboarding HTTP/1.1\" 200 232 \"-\" \"PostmanRuntime/7.44.1\"","timestamp":"2025-07-21 15:56:06"}
{"level":"info","message":"::1 - - [21/Jul/2025:10:26:16 +0000] \"PATCH /user/info/onboarding HTTP/1.1\" 500 30 \"-\" \"PostmanRuntime/7.44.1\"","timestamp":"2025-07-21 15:56:16"}
{"level":"info","message":"::1 - - [21/Jul/2025:10:28:59 +0000] \"PATCH /user/info/onboarding HTTP/1.1\" 500 30 \"-\" \"PostmanRuntime/7.44.1\"","timestamp":"2025-07-21 15:58:59"}
{"level":"info","message":"::1 - - [21/Jul/2025:10:32:44 +0000] \"PATCH /user/info/onboarding HTTP/1.1\" 200 452 \"-\" \"PostmanRuntime/7.44.1\"","timestamp":"2025-07-21 16:02:44"}
{"level":"info","message":"::1 - - [21/Jul/2025:10:33:15 +0000] \"GET /user/info/onboarding HTTP/1.1\" 200 232 \"-\" \"PostmanRuntime/7.44.1\"","timestamp":"2025-07-21 16:03:15"}
{"level":"info","message":"::1 - - [21/Jul/2025:10:42:18 +0000] \"PATCH /user/info/onboarding HTTP/1.1\" 200 452 \"-\" \"PostmanRuntime/7.44.1\"","timestamp":"2025-07-21 16:12:18"}
{"level":"info","message":"::1 - - [21/Jul/2025:15:42:38 +0000] \"PATCH /user/info/upload-files HTTP/1.1\" 500 30 \"-\" \"PostmanRuntime/7.44.1\"","timestamp":"2025-07-21 21:12:38"}
{"level":"info","message":"::1 - - [21/Jul/2025:15:42:53 +0000] \"PATCH /user/info/upload-files HTTP/1.1\" 500 30 \"-\" \"PostmanRuntime/7.44.1\"","timestamp":"2025-07-21 21:12:53"}
{"level":"info","message":"::1 - - [21/Jul/2025:15:44:04 +0000] \"PATCH /user/info/upload-files HTTP/1.1\" 500 30 \"-\" \"PostmanRuntime/7.44.1\"","timestamp":"2025-07-21 21:14:04"}
{"level":"info","message":"::1 - - [21/Jul/2025:15:44:16 +0000] \"PATCH /user/info/upload-files HTTP/1.1\" 500 30 \"-\" \"PostmanRuntime/7.44.1\"","timestamp":"2025-07-21 21:14:16"}
{"level":"info","message":"::1 - - [21/Jul/2025:15:48:46 +0000] \"PATCH /user/info/upload-files HTTP/1.1\" 500 30 \"-\" \"PostmanRuntime/7.44.1\"","timestamp":"2025-07-21 21:18:46"}
{"level":"info","message":"::1 - - [21/Jul/2025:15:51:19 +0000] \"PATCH /user/info/upload-files HTTP/1.1\" 500 30 \"-\" \"PostmanRuntime/7.44.1\"","timestamp":"2025-07-21 21:21:19"}
{"level":"info","message":"::1 - - [21/Jul/2025:15:55:05 +0000] \"PATCH /user/info/upload-files HTTP/1.1\" 500 35 \"-\" \"PostmanRuntime/7.44.1\"","timestamp":"2025-07-21 21:25:05"}
{"level":"info","message":"::1 - - [21/Jul/2025:15:56:07 +0000] \"PATCH /user/info/upload-files HTTP/1.1\" 500 35 \"-\" \"PostmanRuntime/7.44.1\"","timestamp":"2025-07-21 21:26:07"}
{"level":"info","message":"::1 - - [21/Jul/2025:15:57:44 +0000] \"PATCH /user/info/upload-files HTTP/1.1\" 500 35 \"-\" \"PostmanRuntime/7.44.1\"","timestamp":"2025-07-21 21:27:44"}
{"level":"info","message":"::1 - - [21/Jul/2025:15:59:12 +0000] \"POST /user/auth/login HTTP/1.1\" 200 103 \"-\" \"PostmanRuntime/7.44.1\"","timestamp":"2025-07-21 21:29:12"}
{"level":"info","message":"::1 - - [21/Jul/2025:15:59:22 +0000] \"PATCH /user/info/upload-files HTTP/1.1\" 500 35 \"-\" \"PostmanRuntime/7.44.1\"","timestamp":"2025-07-21 21:29:22"}
{"level":"info","message":"::1 - - [21/Jul/2025:16:12:15 +0000] \"PATCH /user/info/upload-files HTTP/1.1\" 500 35 \"-\" \"PostmanRuntime/7.44.1\"","timestamp":"2025-07-21 21:42:15"}
{"level":"info","message":"::1 - - [21/Jul/2025:16:14:57 +0000] \"GET /user/info/onboarding HTTP/1.1\" 200 232 \"-\" \"PostmanRuntime/7.44.1\"","timestamp":"2025-07-21 21:44:57"}
{"level":"info","message":"::1 - - [21/Jul/2025:16:15:55 +0000] \"PATCH /user/info/upload-files HTTP/1.1\" 500 35 \"-\" \"PostmanRuntime/7.44.1\"","timestamp":"2025-07-21 21:45:55"}
{"level":"info","message":"::1 - - [21/Jul/2025:16:16:02 +0000] \"PATCH /user/info/upload-files HTTP/1.1\" 500 35 \"-\" \"PostmanRuntime/7.44.1\"","timestamp":"2025-07-21 21:46:02"}
{"level":"info","message":"::1 - - [21/Jul/2025:16:19:28 +0000] \"PATCH /user/info/upload-files HTTP/1.1\" 200 591 \"-\" \"PostmanRuntime/7.44.1\"","timestamp":"2025-07-21 21:49:28"}
{"level":"info","message":"::1 - - [21/Jul/2025:16:21:41 +0000] \"PATCH /user/info/upload-files HTTP/1.1\" 200 591 \"-\" \"PostmanRuntime/7.44.1\"","timestamp":"2025-07-21 21:51:41"}
{"level":"info","message":"::1 - - [21/Jul/2025:16:23:59 +0000] \"GET /user/info/onboarding HTTP/1.1\" 200 232 \"-\" \"PostmanRuntime/7.44.1\"","timestamp":"2025-07-21 21:53:59"}
{"level":"info","message":"::1 - - [21/Jul/2025:16:26:27 +0000] \"GET /user/info/onboarding HTTP/1.1\" 200 232 \"-\" \"PostmanRuntime/7.44.1\"","timestamp":"2025-07-21 21:56:27"}
{"level":"info","message":"::1 - - [21/Jul/2025:16:26:38 +0000] \"GET /user/info/onboarding HTTP/1.1\" 200 232 \"-\" \"PostmanRuntime/7.44.1\"","timestamp":"2025-07-21 21:56:38"}
{"level":"info","message":"::1 - - [22/Jul/2025:04:25:37 +0000] \"POST /user/auth/signup HTTP/1.1\" 200 90 \"-\" \"PostmanRuntime/7.44.1\"","timestamp":"2025-07-22 09:55:37"}
{"level":"info","message":"::1 - - [22/Jul/2025:04:26:38 +0000] \"POST /user/auth/verify-otp HTTP/1.1\" 200 114 \"-\" \"PostmanRuntime/7.44.1\"","timestamp":"2025-07-22 09:56:38"}
{"level":"info","message":"::1 - - [22/Jul/2025:04:26:46 +0000] \"POST /user/auth/login HTTP/1.1\" 200 103 \"-\" \"PostmanRuntime/7.44.1\"","timestamp":"2025-07-22 09:56:46"}
{"level":"info","message":"::1 - - [22/Jul/2025:04:28:13 +0000] \"POST /user/auth/signup HTTP/1.1\" 200 90 \"-\" \"PostmanRuntime/7.44.1\"","timestamp":"2025-07-22 09:58:13"}
{"level":"info","message":"::1 - - [22/Jul/2025:04:28:34 +0000] \"POST /user/auth/verify-otp HTTP/1.1\" 200 114 \"-\" \"PostmanRuntime/7.44.1\"","timestamp":"2025-07-22 09:58:34"}
{"level":"info","message":"::1 - - [22/Jul/2025:04:28:40 +0000] \"POST /user/auth/login HTTP/1.1\" 200 103 \"-\" \"PostmanRuntime/7.44.1\"","timestamp":"2025-07-22 09:58:40"}
{"level":"info","message":"::1 - - [22/Jul/2025:05:02:01 +0000] \"POST /user/auth/signup HTTP/1.1\" 200 90 \"-\" \"PostmanRuntime/7.44.1\"","timestamp":"2025-07-22 10:32:01"}
{"level":"info","message":"::1 - - [22/Jul/2025:05:02:37 +0000] \"POST /user/auth/verify-otp HTTP/1.1\" 200 114 \"-\" \"PostmanRuntime/7.44.1\"","timestamp":"2025-07-22 10:32:37"}
{"level":"info","message":"::1 - - [22/Jul/2025:05:02:43 +0000] \"POST /user/auth/login HTTP/1.1\" 200 103 \"-\" \"PostmanRuntime/7.44.1\"","timestamp":"2025-07-22 10:32:43"}
{"level":"info","message":"::1 - - [22/Jul/2025:05:04:35 +0000] \"POST /user/auth/signup HTTP/1.1\" 200 90 \"-\" \"PostmanRuntime/7.44.1\"","timestamp":"2025-07-22 10:34:35"}
{"level":"info","message":"::1 - - [22/Jul/2025:05:04:54 +0000] \"POST /user/auth/verify-otp HTTP/1.1\" 200 114 \"-\" \"PostmanRuntime/7.44.1\"","timestamp":"2025-07-22 10:34:54"}
{"level":"info","message":"::1 - - [22/Jul/2025:05:36:12 +0000] \"PATCH /user/info/onboarding HTTP/1.1\" 200 793 \"-\" \"PostmanRuntime/7.44.1\"","timestamp":"2025-07-22 11:06:12"}
{"level":"info","message":"::1 - - [22/Jul/2025:06:00:36 +0000] \"PUT /user/info/onboarding HTTP/1.1\" 500 30 \"-\" \"PostmanRuntime/7.44.1\"","timestamp":"2025-07-22 11:30:36"}
{"level":"info","message":"::1 - - [22/Jul/2025:06:01:17 +0000] \"PUT /user/info/onboarding HTTP/1.1\" 500 30 \"-\" \"PostmanRuntime/7.44.1\"","timestamp":"2025-07-22 11:31:17"}
{"level":"info","message":"::1 - - [22/Jul/2025:06:02:14 +0000] \"PUT /user/info/onboarding HTTP/1.1\" 500 30 \"-\" \"PostmanRuntime/7.44.1\"","timestamp":"2025-07-22 11:32:14"}
{"level":"info","message":"::1 - - [22/Jul/2025:06:02:30 +0000] \"PUT /user/info/onboarding HTTP/1.1\" 500 30 \"-\" \"PostmanRuntime/7.44.1\"","timestamp":"2025-07-22 11:32:30"}
{"level":"info","message":"::1 - - [22/Jul/2025:06:06:40 +0000] \"PUT /user/info/onboarding HTTP/1.1\" 500 30 \"-\" \"PostmanRuntime/7.44.1\"","timestamp":"2025-07-22 11:36:40"}
{"level":"info","message":"::1 - - [22/Jul/2025:06:11:03 +0000] \"PUT /user/info/onboarding HTTP/1.1\" 500 30 \"-\" \"PostmanRuntime/7.44.1\"","timestamp":"2025-07-22 11:41:03"}
{"level":"info","message":"::1 - - [22/Jul/2025:06:26:56 +0000] \"PUT /user/info/onboarding HTTP/1.1\" 500 30 \"-\" \"PostmanRuntime/7.44.1\"","timestamp":"2025-07-22 11:56:56"}
{"level":"info","message":"::1 - - [22/Jul/2025:06:31:31 +0000] \"PUT /user/info/onboarding HTTP/1.1\" 200 268 \"-\" \"PostmanRuntime/7.44.1\"","timestamp":"2025-07-22 12:01:31"}
{"level":"info","message":"::1 - - [22/Jul/2025:06:32:35 +0000] \"PUT /user/info/onboarding HTTP/1.1\" 404 159 \"-\" \"PostmanRuntime/7.44.1\"","timestamp":"2025-07-22 12:02:35"}
{"level":"info","message":"::1 - - [22/Jul/2025:06:32:41 +0000] \"PATCH /user/info/onboarding HTTP/1.1\" 200 793 \"-\" \"PostmanRuntime/7.44.1\"","timestamp":"2025-07-22 12:02:41"}
{"level":"info","message":"::1 - - [22/Jul/2025:06:34:06 +0000] \"PATCH /user/info/onboarding HTTP/1.1\" 200 268 \"-\" \"PostmanRuntime/7.44.1\"","timestamp":"2025-07-22 12:04:06"}
{"level":"info","message":"::1 - - [22/Jul/2025:06:36:51 +0000] \"PATCH /user/info/onboarding HTTP/1.1\" 200 248 \"-\" \"PostmanRuntime/7.44.1\"","timestamp":"2025-07-22 12:06:51"}
{"level":"info","message":"::1 - - [22/Jul/2025:06:38:58 +0000] \"PATCH /user/info/onboarding HTTP/1.1\" 200 280 \"-\" \"PostmanRuntime/7.44.1\"","timestamp":"2025-07-22 12:08:58"}
{"level":"info","message":"::1 - - [22/Jul/2025:06:41:07 +0000] \"PATCH /user/info/onboarding HTTP/1.1\" 200 280 \"-\" \"PostmanRuntime/7.44.1\"","timestamp":"2025-07-22 12:11:07"}
{"level":"info","message":"::1 - - [22/Jul/2025:06:51:53 +0000] \"PATCH /user/info/onboarding HTTP/1.1\" 200 280 \"-\" \"PostmanRuntime/7.44.1\"","timestamp":"2025-07-22 12:21:53"}
{"level":"info","message":"::1 - - [22/Jul/2025:07:00:20 +0000] \"PATCH /user/info/onboarding HTTP/1.1\" 200 276 \"-\" \"PostmanRuntime/7.44.1\"","timestamp":"2025-07-22 12:30:20"}
{"level":"info","message":"::1 - - [22/Jul/2025:07:05:30 +0000] \"PATCH /user/info/onboarding HTTP/1.1\" 200 280 \"-\" \"PostmanRuntime/7.44.1\"","timestamp":"2025-07-22 12:35:30"}
{"level":"info","message":"::1 - - [22/Jul/2025:07:11:01 +0000] \"PATCH /user/info/onboarding HTTP/1.1\" 200 280 \"-\" \"PostmanRuntime/7.44.1\"","timestamp":"2025-07-22 12:41:01"}
{"level":"info","message":"::1 - - [22/Jul/2025:07:13:37 +0000] \"PATCH /user/info/onboarding HTTP/1.1\" 200 280 \"-\" \"PostmanRuntime/7.44.1\"","timestamp":"2025-07-22 12:43:37"}
{"level":"info","message":"::1 - - [22/Jul/2025:07:15:42 +0000] \"PATCH /user/info/onboarding HTTP/1.1\" 200 280 \"-\" \"PostmanRuntime/7.44.1\"","timestamp":"2025-07-22 12:45:42"}
{"level":"info","message":"::1 - - [22/Jul/2025:07:19:35 +0000] \"PATCH /user/info/onboarding HTTP/1.1\" 200 280 \"-\" \"PostmanRuntime/7.44.1\"","timestamp":"2025-07-22 12:49:35"}
{"level":"info","message":"::1 - - [22/Jul/2025:07:21:40 +0000] \"PATCH /user/info/onboarding HTTP/1.1\" 200 280 \"-\" \"PostmanRuntime/7.44.1\"","timestamp":"2025-07-22 12:51:40"}
{"level":"info","message":"::1 - - [22/Jul/2025:07:27:31 +0000] \"PATCH /user/info/onboarding HTTP/1.1\" 200 280 \"-\" \"PostmanRuntime/7.44.1\"","timestamp":"2025-07-22 12:57:31"}
{"level":"info","message":"::1 - - [22/Jul/2025:07:36:19 +0000] \"PATCH /user/info/onboarding HTTP/1.1\" 200 1092 \"-\" \"PostmanRuntime/7.44.1\"","timestamp":"2025-07-22 13:06:19"}
{"level":"info","message":"::1 - - [22/Jul/2025:07:37:12 +0000] \"GET /user/info/onboarding HTTP/1.1\" 200 825 \"-\" \"PostmanRuntime/7.44.1\"","timestamp":"2025-07-22 13:07:12"}
{"level":"info","message":"::1 - - [22/Jul/2025:07:37:32 +0000] \"PATCH /user/info/onboarding HTTP/1.1\" 200 1092 \"-\" \"PostmanRuntime/7.44.1\"","timestamp":"2025-07-22 13:07:32"}
{"level":"info","message":"::1 - - [22/Jul/2025:07:37:55 +0000] \"PATCH /user/info/onboarding HTTP/1.1\" 500 43 \"-\" \"PostmanRuntime/7.44.1\"","timestamp":"2025-07-22 13:07:55"}
{"level":"info","message":"::1 - - [22/Jul/2025:07:38:16 +0000] \"PATCH /user/info/onboarding HTTP/1.1\" 500 43 \"-\" \"PostmanRuntime/7.44.1\"","timestamp":"2025-07-22 13:08:16"}
{"level":"info","message":"::1 - - [22/Jul/2025:07:38:46 +0000] \"PATCH /user/info/onboarding HTTP/1.1\" 200 1071 \"-\" \"PostmanRuntime/7.44.1\"","timestamp":"2025-07-22 13:08:46"}
{"level":"info","message":"::1 - - [22/Jul/2025:07:39:04 +0000] \"PATCH /user/info/onboarding HTTP/1.1\" 200 1067 \"-\" \"PostmanRuntime/7.44.1\"","timestamp":"2025-07-22 13:09:04"}
{"level":"info","message":"::1 - - [22/Jul/2025:07:56:29 +0000] \"PATCH /user/info/onboarding HTTP/1.1\" 200 1069 \"-\" \"PostmanRuntime/7.44.1\"","timestamp":"2025-07-22 13:26:29"}
{"level":"info","message":"::1 - - [22/Jul/2025:07:57:11 +0000] \"PATCH /user/info/onboarding HTTP/1.1\" 200 1069 \"-\" \"PostmanRuntime/7.44.1\"","timestamp":"2025-07-22 13:27:11"}
{"level":"info","message":"::1 - - [22/Jul/2025:07:57:50 +0000] \"PATCH /user/info/onboarding HTTP/1.1\" 200 1079 \"-\" \"PostmanRuntime/7.44.1\"","timestamp":"2025-07-22 13:27:50"}
{"level":"info","message":"::1 - - [22/Jul/2025:08:01:49 +0000] \"PATCH /user/info/onboarding HTTP/1.1\" 200 2 \"-\" \"PostmanRuntime/7.44.1\"","timestamp":"2025-07-22 13:31:49"}
{"level":"info","message":"::1 - - [22/Jul/2025:08:02:26 +0000] \"PATCH /user/info/onboarding HTTP/1.1\" 200 2 \"-\" \"PostmanRuntime/7.44.1\"","timestamp":"2025-07-22 13:32:26"}
{"level":"info","message":"::1 - - [22/Jul/2025:08:02:48 +0000] \"PATCH /user/info/onboarding HTTP/1.1\" 200 1079 \"-\" \"PostmanRuntime/7.44.1\"","timestamp":"2025-07-22 13:32:48"}
{"level":"info","message":"::1 - - [22/Jul/2025:08:03:49 +0000] \"PATCH /user/info/onboarding HTTP/1.1\" 200 1081 \"-\" \"PostmanRuntime/7.44.1\"","timestamp":"2025-07-22 13:33:49"}
{"level":"info","message":"::1 - - [22/Jul/2025:08:05:53 +0000] \"PATCH /user/info/onboarding HTTP/1.1\" 200 1081 \"-\" \"PostmanRuntime/7.44.1\"","timestamp":"2025-07-22 13:35:53"}
{"level":"info","message":"::1 - - [22/Jul/2025:08:08:46 +0000] \"PATCH /user/info/onboarding HTTP/1.1\" 200 1083 \"-\" \"PostmanRuntime/7.44.1\"","timestamp":"2025-07-22 13:38:46"}
{"level":"info","message":"::1 - - [22/Jul/2025:09:18:24 +0000] \"PATCH /user/info/onboarding HTTP/1.1\" 200 1083 \"-\" \"PostmanRuntime/7.44.1\"","timestamp":"2025-07-22 14:48:24"}
{"level":"info","message":"::1 - - [22/Jul/2025:09:19:44 +0000] \"PATCH /user/info/onboarding HTTP/1.1\" 200 1081 \"-\" \"PostmanRuntime/7.44.1\"","timestamp":"2025-07-22 14:49:44"}
{"level":"info","message":"::1 - - [22/Jul/2025:09:22:39 +0000] \"PATCH /user/info/onboarding HTTP/1.1\" 200 1081 \"-\" \"PostmanRuntime/7.44.1\"","timestamp":"2025-07-22 14:52:39"}
{"level":"info","message":"::1 - - [22/Jul/2025:09:23:10 +0000] \"PATCH /user/info/onboarding HTTP/1.1\" 200 1066 \"-\" \"PostmanRuntime/7.44.1\"","timestamp":"2025-07-22 14:53:10"}
{"level":"info","message":"::1 - - [22/Jul/2025:09:23:52 +0000] \"PATCH /user/info/onboarding HTTP/1.1\" 200 1121 \"-\" \"PostmanRuntime/7.44.1\"","timestamp":"2025-07-22 14:53:52"}
{"level":"info","message":"::1 - - [22/Jul/2025:09:24:52 +0000] \"PATCH /user/info/onboarding HTTP/1.1\" 200 1074 \"-\" \"PostmanRuntime/7.44.1\"","timestamp":"2025-07-22 14:54:52"}
{"level":"info","message":"::1 - - [22/Jul/2025:09:26:33 +0000] \"PATCH /user/info/onboarding HTTP/1.1\" 200 1077 \"-\" \"PostmanRuntime/7.44.1\"","timestamp":"2025-07-22 14:56:33"}
{"level":"info","message":"::1 - - [22/Jul/2025:09:27:36 +0000] \"PATCH /user/info/onboarding HTTP/1.1\" 200 1062 \"-\" \"PostmanRuntime/7.44.1\"","timestamp":"2025-07-22 14:57:36"}
{"level":"info","message":"::1 - - [22/Jul/2025:09:28:15 +0000] \"PATCH /user/info/onboarding HTTP/1.1\" 200 1062 \"-\" \"PostmanRuntime/7.44.1\"","timestamp":"2025-07-22 14:58:15"}
{"level":"info","message":"::1 - - [22/Jul/2025:09:30:34 +0000] \"PATCH /user/info/onboarding HTTP/1.1\" 200 1062 \"-\" \"PostmanRuntime/7.44.1\"","timestamp":"2025-07-22 15:00:34"}
{"level":"info","message":"::1 - - [22/Jul/2025:09:31:11 +0000] \"PATCH /user/info/onboarding HTTP/1.1\" 200 1068 \"-\" \"PostmanRuntime/7.44.1\"","timestamp":"2025-07-22 15:01:11"}
{"level":"info","message":"::1 - - [22/Jul/2025:09:31:58 +0000] \"PATCH /user/info/onboarding HTTP/1.1\" 200 1075 \"-\" \"PostmanRuntime/7.44.1\"","timestamp":"2025-07-22 15:01:58"}
{"level":"info","message":"::1 - - [22/Jul/2025:09:33:05 +0000] \"PATCH /user/info/onboarding HTTP/1.1\" 200 1075 \"-\" \"PostmanRuntime/7.44.1\"","timestamp":"2025-07-22 15:03:05"}
{"level":"info","message":"::1 - - [22/Jul/2025:09:33:50 +0000] \"PATCH /user/info/onboarding HTTP/1.1\" 200 1072 \"-\" \"PostmanRuntime/7.44.1\"","timestamp":"2025-07-22 15:03:50"}
{"level":"info","message":"::1 - - [22/Jul/2025:15:23:22 +0000] \"PATCH /user/info/onboarding HTTP/1.1\" 200 1297 \"-\" \"PostmanRuntime/7.44.1\"","timestamp":"2025-07-22 20:53:22"}
{"level":"info","message":"::1 - - [22/Jul/2025:15:24:14 +0000] \"GET /user/info/onboarding HTTP/1.1\" 200 1013 \"-\" \"PostmanRuntime/7.44.1\"","timestamp":"2025-07-22 20:54:14"}
{"level":"info","message":"::1 - - [22/Jul/2025:15:31:07 +0000] \"PATCH /user/info/onboarding HTTP/1.1\" 200 1322 \"-\" \"PostmanRuntime/7.44.1\"","timestamp":"2025-07-22 21:01:07"}
{"level":"info","message":"::1 - - [22/Jul/2025:17:04:06 +0000] \"POST /user/auth/signup HTTP/1.1\" 200 90 \"-\" \"PostmanRuntime/7.44.1\"","timestamp":"2025-07-22 22:34:06"}
{"level":"info","message":"::1 - - [22/Jul/2025:17:04:36 +0000] \"POST /user/auth/verify-otp HTTP/1.1\" 200 114 \"-\" \"PostmanRuntime/7.44.1\"","timestamp":"2025-07-22 22:34:36"}
{"level":"info","message":"::1 - - [22/Jul/2025:17:41:01 +0000] \"GET /api/admin/stats HTTP/1.1\" 200 70 \"-\" \"PostmanRuntime/7.44.1\"","timestamp":"2025-07-22 23:11:01"}
{"level":"info","message":"::1 - - [22/Jul/2025:17:55:37 +0000] \"GET /api/admin/activities HTTP/1.1\" 200 492 \"-\" \"PostmanRuntime/7.44.1\"","timestamp":"2025-07-22 23:25:37"}
{"level":"info","message":"::1 - - [22/Jul/2025:17:56:22 +0000] \"GET /api/admin/users HTTP/1.1\" 200 1221 \"-\" \"PostmanRuntime/7.44.1\"","timestamp":"2025-07-22 23:26:22"}
{"level":"info","message":"::1 - - [23/Jul/2025:04:34:42 +0000] \"POST /user/auth/login HTTP/1.1\" 200 118 \"-\" \"PostmanRuntime/7.44.1\"","timestamp":"2025-07-23 10:04:42"}
{"level":"info","message":"::1 - - [23/Jul/2025:04:36:18 +0000] \"POST /user/auth/signup HTTP/1.1\" 400 34 \"-\" \"PostmanRuntime/7.44.1\"","timestamp":"2025-07-23 10:06:18"}
{"level":"info","message":"::1 - - [23/Jul/2025:05:12:54 +0000] \"POST /user/auth/google HTTP/1.1\" 200 277 \"-\" \"PostmanRuntime/7.44.1\"","timestamp":"2025-07-23 10:42:54"}
{"level":"info","message":"::1 - - [23/Jul/2025:05:21:39 +0000] \"PATCH /user/auth/onboarding HTTP/1.1\" 404 161 \"-\" \"PostmanRuntime/7.44.1\"","timestamp":"2025-07-23 10:51:39"}
{"level":"info","message":"::1 - - [23/Jul/2025:05:22:10 +0000] \"PATCH /user/info/onboarding HTTP/1.1\" 200 1109 \"-\" \"PostmanRuntime/7.44.1\"","timestamp":"2025-07-23 10:52:10"}
{"level":"info","message":"::1 - - [23/Jul/2025:05:22:43 +0000] \"PATCH /user/info/onboarding HTTP/1.1\" 200 1265 \"-\" \"PostmanRuntime/7.44.1\"","timestamp":"2025-07-23 10:52:43"}
{"level":"info","message":"::1 - - [23/Jul/2025:05:23:08 +0000] \"PATCH /user/info/onboarding HTTP/1.1\" 200 1307 \"-\" \"PostmanRuntime/7.44.1\"","timestamp":"2025-07-23 10:53:08"}
{"level":"info","message":"::1 - - [23/Jul/2025:05:32:44 +0000] \"GET /user/auth/logout HTTP/1.1\" 404 155 \"-\" \"PostmanRuntime/7.44.1\"","timestamp":"2025-07-23 11:02:44"}
{"level":"info","message":"::1 - - [23/Jul/2025:05:33:20 +0000] \"GET /user/auth/logout HTTP/1.1\" 200 38 \"-\" \"PostmanRuntime/7.44.1\"","timestamp":"2025-07-23 11:03:20"}
{"level":"info","message":"::1 - - [23/Jul/2025:05:33:29 +0000] \"GET /user/auth/login HTTP/1.1\" 404 154 \"-\" \"PostmanRuntime/7.44.1\"","timestamp":"2025-07-23 11:03:29"}
{"level":"info","message":"::1 - - [23/Jul/2025:05:33:34 +0000] \"POST /user/auth/login HTTP/1.1\" 200 118 \"-\" \"PostmanRuntime/7.44.1\"","timestamp":"2025-07-23 11:03:34"}
{"level":"info","message":"::1 - - [23/Jul/2025:05:34:02 +0000] \"POST /user/auth/admin/stats HTTP/1.1\" 404 161 \"-\" \"PostmanRuntime/7.44.1\"","timestamp":"2025-07-23 11:04:02"}
{"level":"info","message":"::1 - - [23/Jul/2025:05:34:09 +0000] \"GET /user/auth/admin/stats HTTP/1.1\" 404 160 \"-\" \"PostmanRuntime/7.44.1\"","timestamp":"2025-07-23 11:04:09"}
{"level":"info","message":"::1 - - [23/Jul/2025:05:34:36 +0000] \"GET /api/admin/stats HTTP/1.1\" 200 101 \"-\" \"PostmanRuntime/7.44.1\"","timestamp":"2025-07-23 11:04:36"}
{"level":"info","message":"::1 - - [23/Jul/2025:05:35:20 +0000] \"GET /api/admin/activities HTTP/1.1\" 200 32 \"-\" \"PostmanRuntime/7.44.1\"","timestamp":"2025-07-23 11:05:20"}
{"level":"info","message":"::1 - - [23/Jul/2025:05:38:35 +0000] \"POST /user/auth/google HTTP/1.1\" 200 278 \"-\" \"PostmanRuntime/7.44.1\"","timestamp":"2025-07-23 11:08:35"}
{"level":"info","message":"::1 - - [23/Jul/2025:05:38:48 +0000] \"GET /api/admin/activities HTTP/1.1\" 403 57 \"-\" \"PostmanRuntime/7.44.1\"","timestamp":"2025-07-23 11:08:48"}
{"level":"info","message":"::1 - - [23/Jul/2025:05:39:01 +0000] \"POST /user/auth/logout HTTP/1.1\" 404 156 \"-\" \"PostmanRuntime/7.44.1\"","timestamp":"2025-07-23 11:09:01"}
{"level":"info","message":"::1 - - [23/Jul/2025:05:39:07 +0000] \"GET /user/auth/logout HTTP/1.1\" 200 38 \"-\" \"PostmanRuntime/7.44.1\"","timestamp":"2025-07-23 11:09:07"}
{"level":"info","message":"::1 - - [23/Jul/2025:05:39:18 +0000] \"POST /user/auth/login HTTP/1.1\" 200 118 \"-\" \"PostmanRuntime/7.44.1\"","timestamp":"2025-07-23 11:09:18"}
{"level":"info","message":"::1 - - [23/Jul/2025:05:39:27 +0000] \"GET /api/admin/activities HTTP/1.1\" 200 32 \"-\" \"PostmanRuntime/7.44.1\"","timestamp":"2025-07-23 11:09:27"}
{"level":"info","message":"::1 - - [23/Jul/2025:05:45:05 +0000] \"GET /api/admin/users HTTP/1.1\" 200 2208 \"-\" \"PostmanRuntime/7.44.1\"","timestamp":"2025-07-23 11:15:05"}
{"level":"info","message":"::1 - - [23/Jul/2025:05:45:29 +0000] \"GET /api/admin/users/6880755b4d6540e199787b52 HTTP/1.1\" 200 522 \"-\" \"PostmanRuntime/7.44.1\"","timestamp":"2025-07-23 11:15:29"}
{"level":"info","message":"::1 - - [23/Jul/2025:05:46:00 +0000] \"PATCH /api/admin/users/6880755b4d6540e199787b52 HTTP/1.1\" 200 522 \"-\" \"PostmanRuntime/7.44.1\"","timestamp":"2025-07-23 11:16:00"}
{"level":"info","message":"::1 - - [23/Jul/2025:05:46:19 +0000] \"PATCH /api/admin/users/6880755b4d6540e199787b52 HTTP/1.1\" 200 522 \"-\" \"PostmanRuntime/7.44.1\"","timestamp":"2025-07-23 11:16:19"}
{"level":"info","message":"::1 - - [23/Jul/2025:05:46:55 +0000] \"PATCH /api/admin/users/6880755b4d6540e199787b52 HTTP/1.1\" 500 43 \"-\" \"PostmanRuntime/7.44.1\"","timestamp":"2025-07-23 11:16:55"}
{"level":"info","message":"::1 - - [23/Jul/2025:05:47:14 +0000] \"PATCH /api/admin/users/6880755b4d6540e199787b52 HTTP/1.1\" 200 522 \"-\" \"PostmanRuntime/7.44.1\"","timestamp":"2025-07-23 11:17:14"}
{"level":"info","message":"::1 - - [23/Jul/2025:05:50:25 +0000] \"PATCH /api/admin/users/6880755b4d6540e199787b52 HTTP/1.1\" 200 584 \"-\" \"PostmanRuntime/7.44.1\"","timestamp":"2025-07-23 11:20:25"}
{"level":"info","message":"::1 - - [23/Jul/2025:06:07:36 +0000] \"PATCH /api/admin/users/6880755b4d6540e199787b52 HTTP/1.1\" 200 617 \"-\" \"PostmanRuntime/7.44.1\"","timestamp":"2025-07-23 11:37:36"}
{"level":"info","message":"::1 - - [23/Jul/2025:06:09:15 +0000] \"PATCH /api/admin/users/6880755b4d6540e199787b52/promote HTTP/1.1\" 200 785 \"-\" \"PostmanRuntime/7.44.1\"","timestamp":"2025-07-23 11:39:15"}
{"level":"info","message":"::1 - - [23/Jul/2025:06:46:22 +0000] \"POST /user/auth/google HTTP/1.1\" 200 278 \"-\" \"PostmanRuntime/7.44.1\"","timestamp":"2025-07-23 12:16:22"}
{"level":"info","message":"::1 - - [23/Jul/2025:06:53:24 +0000] \"POST /api/teacher/courses HTTP/1.1\" 201 563 \"-\" \"PostmanRuntime/7.44.1\"","timestamp":"2025-07-23 12:23:24"}
{"level":"info","message":"::1 - - [23/Jul/2025:06:54:59 +0000] \"GET /api/teacher/courses HTTP/1.1\" 200 542 \"-\" \"PostmanRuntime/7.44.1\"","timestamp":"2025-07-23 12:24:59"}
{"level":"info","message":"::1 - - [23/Jul/2025:06:56:42 +0000] \"GET /api/teacher/courses/688086e4d7252c03ca44e75e HTTP/1.1\" 200 537 \"-\" \"PostmanRuntime/7.44.1\"","timestamp":"2025-07-23 12:26:42"}
<<<<<<< HEAD
{"level":"info","message":"::ffff:127.0.0.1 - - [28/Jul/2025:19:38:26 +0000] \"POST /user/auth/signup HTTP/1.1\" 400 38 \"-\" \"okhttp/4.9.2\"","timestamp":"2025-07-29 01:08:26"}
{"level":"info","message":"::ffff:127.0.0.1 - - [28/Jul/2025:19:38:35 +0000] \"POST /user/auth/signup HTTP/1.1\" 400 38 \"-\" \"okhttp/4.9.2\"","timestamp":"2025-07-29 01:08:35"}
{"level":"info","message":"::ffff:127.0.0.1 - - [28/Jul/2025:19:38:36 +0000] \"POST /user/auth/signup HTTP/1.1\" 400 38 \"-\" \"okhttp/4.9.2\"","timestamp":"2025-07-29 01:08:36"}
{"level":"info","message":"::ffff:127.0.0.1 - - [28/Jul/2025:19:38:37 +0000] \"POST /user/auth/signup HTTP/1.1\" 400 38 \"-\" \"okhttp/4.9.2\"","timestamp":"2025-07-29 01:08:37"}
{"level":"info","message":"::ffff:127.0.0.1 - - [28/Jul/2025:19:38:43 +0000] \"POST /user/auth/signup HTTP/1.1\" 400 38 \"-\" \"okhttp/4.9.2\"","timestamp":"2025-07-29 01:08:43"}
{"level":"info","message":"::ffff:127.0.0.1 - - [28/Jul/2025:19:38:44 +0000] \"POST /user/auth/signup HTTP/1.1\" 400 38 \"-\" \"okhttp/4.9.2\"","timestamp":"2025-07-29 01:08:44"}
{"level":"info","message":"::ffff:127.0.0.1 - - [28/Jul/2025:19:38:45 +0000] \"POST /user/auth/signup HTTP/1.1\" 400 38 \"-\" \"okhttp/4.9.2\"","timestamp":"2025-07-29 01:08:45"}
{"level":"info","message":"::ffff:127.0.0.1 - - [28/Jul/2025:19:38:45 +0000] \"POST /user/auth/signup HTTP/1.1\" 400 38 \"-\" \"okhttp/4.9.2\"","timestamp":"2025-07-29 01:08:45"}
{"level":"info","message":"::ffff:127.0.0.1 - - [28/Jul/2025:19:38:46 +0000] \"POST /user/auth/signup HTTP/1.1\" 400 38 \"-\" \"okhttp/4.9.2\"","timestamp":"2025-07-29 01:08:46"}
{"level":"info","message":"::ffff:127.0.0.1 - - [28/Jul/2025:19:38:46 +0000] \"POST /user/auth/signup HTTP/1.1\" 400 38 \"-\" \"okhttp/4.9.2\"","timestamp":"2025-07-29 01:08:46"}
{"level":"info","message":"::ffff:127.0.0.1 - - [28/Jul/2025:19:39:08 +0000] \"POST /user/auth/signup HTTP/1.1\" 400 38 \"-\" \"okhttp/4.9.2\"","timestamp":"2025-07-29 01:09:08"}
{"level":"info","message":"::ffff:127.0.0.1 - - [28/Jul/2025:19:39:09 +0000] \"POST /user/auth/signup HTTP/1.1\" 400 38 \"-\" \"okhttp/4.9.2\"","timestamp":"2025-07-29 01:09:09"}
{"level":"info","message":"::ffff:127.0.0.1 - - [28/Jul/2025:19:39:09 +0000] \"POST /user/auth/signup HTTP/1.1\" 400 38 \"-\" \"okhttp/4.9.2\"","timestamp":"2025-07-29 01:09:09"}
{"level":"info","message":"::ffff:127.0.0.1 - - [28/Jul/2025:19:42:19 +0000] \"POST /user/auth/signup HTTP/1.1\" 400 38 \"-\" \"okhttp/4.9.2\"","timestamp":"2025-07-29 01:12:19"}
{"level":"info","message":"::ffff:127.0.0.1 - - [28/Jul/2025:19:42:20 +0000] \"POST /user/auth/signup HTTP/1.1\" 400 38 \"-\" \"okhttp/4.9.2\"","timestamp":"2025-07-29 01:12:20"}
{"level":"info","message":"::ffff:127.0.0.1 - - [28/Jul/2025:19:43:28 +0000] \"POST /user/auth/login HTTP/1.1\" 200 113 \"-\" \"okhttp/4.9.2\"","timestamp":"2025-07-29 01:13:28"}
{"level":"info","message":"::ffff:127.0.0.1 - - [28/Jul/2025:19:44:02 +0000] \"POST /user/auth/login HTTP/1.1\" 200 113 \"-\" \"okhttp/4.9.2\"","timestamp":"2025-07-29 01:14:02"}
{"level":"info","message":"::ffff:127.0.0.1 - - [28/Jul/2025:20:01:28 +0000] \"POST /user/auth/signup HTTP/1.1\" 400 38 \"-\" \"okhttp/4.9.2\"","timestamp":"2025-07-29 01:31:28"}
{"level":"info","message":"::ffff:127.0.0.1 - - [28/Jul/2025:20:01:30 +0000] \"POST /user/auth/signup HTTP/1.1\" 400 38 \"-\" \"okhttp/4.9.2\"","timestamp":"2025-07-29 01:31:30"}
{"level":"info","message":"::ffff:127.0.0.1 - - [28/Jul/2025:20:01:35 +0000] \"POST /user/auth/signup HTTP/1.1\" 400 38 \"-\" \"okhttp/4.9.2\"","timestamp":"2025-07-29 01:31:35"}
{"level":"info","message":"::ffff:127.0.0.1 - - [28/Jul/2025:20:01:36 +0000] \"POST /user/auth/signup HTTP/1.1\" 400 38 \"-\" \"okhttp/4.9.2\"","timestamp":"2025-07-29 01:31:36"}
{"level":"info","message":"::ffff:127.0.0.1 - - [28/Jul/2025:20:01:37 +0000] \"POST /user/auth/signup HTTP/1.1\" 400 38 \"-\" \"okhttp/4.9.2\"","timestamp":"2025-07-29 01:31:37"}
{"level":"info","message":"::ffff:127.0.0.1 - - [28/Jul/2025:20:02:51 +0000] \"POST /user/auth/signup HTTP/1.1\" 400 38 \"-\" \"okhttp/4.9.2\"","timestamp":"2025-07-29 01:32:51"}
{"level":"info","message":"::ffff:127.0.0.1 - - [28/Jul/2025:20:02:52 +0000] \"POST /user/auth/signup HTTP/1.1\" 400 38 \"-\" \"okhttp/4.9.2\"","timestamp":"2025-07-29 01:32:52"}
{"level":"info","message":"::ffff:127.0.0.1 - - [28/Jul/2025:20:02:53 +0000] \"POST /user/auth/signup HTTP/1.1\" 400 38 \"-\" \"okhttp/4.9.2\"","timestamp":"2025-07-29 01:32:53"}
{"level":"info","message":"::ffff:127.0.0.1 - - [28/Jul/2025:20:02:53 +0000] \"POST /user/auth/signup HTTP/1.1\" 400 38 \"-\" \"okhttp/4.9.2\"","timestamp":"2025-07-29 01:32:53"}
{"level":"info","message":"::ffff:127.0.0.1 - - [28/Jul/2025:20:02:53 +0000] \"POST /user/auth/signup HTTP/1.1\" 400 38 \"-\" \"okhttp/4.9.2\"","timestamp":"2025-07-29 01:32:53"}
{"level":"info","message":"::ffff:127.0.0.1 - - [28/Jul/2025:20:02:54 +0000] \"POST /user/auth/signup HTTP/1.1\" 400 38 \"-\" \"okhttp/4.9.2\"","timestamp":"2025-07-29 01:32:54"}
{"level":"info","message":"::ffff:127.0.0.1 - - [28/Jul/2025:20:02:54 +0000] \"POST /user/auth/signup HTTP/1.1\" 400 38 \"-\" \"okhttp/4.9.2\"","timestamp":"2025-07-29 01:32:54"}
{"level":"info","message":"::ffff:127.0.0.1 - - [28/Jul/2025:20:04:23 +0000] \"POST /user/auth/login HTTP/1.1\" - - \"-\" \"okhttp/4.9.2\"","timestamp":"2025-07-29 01:34:23"}
{"level":"info","message":"::ffff:127.0.0.1 - - [28/Jul/2025:20:05:14 +0000] \"POST /user/auth/signup HTTP/1.1\" - - \"-\" \"okhttp/4.9.2\"","timestamp":"2025-07-29 01:35:14"}
{"level":"info","message":"::ffff:127.0.0.1 - - [28/Jul/2025:20:08:41 +0000] \"POST /user/auth/signup HTTP/1.1\" - - \"-\" \"okhttp/4.9.2\"","timestamp":"2025-07-29 01:38:41"}
{"level":"info","message":"::ffff:127.0.0.1 - - [29/Jul/2025:04:14:26 +0000] \"POST /user/auth/signup HTTP/1.1\" - - \"-\" \"okhttp/4.9.2\"","timestamp":"2025-07-29 09:44:26"}
{"level":"info","message":"::1 - - [29/Jul/2025:14:28:47 +0000] \"POST /user/auth/signup HTTP/1.1\" 200 90 \"-\" \"PostmanRuntime/7.44.1\"","timestamp":"2025-07-29 19:58:47"}
{"level":"info","message":"::1 - - [29/Jul/2025:14:29:47 +0000] \"POST /user/auth/verify-otp HTTP/1.1\" 404 29 \"-\" \"PostmanRuntime/7.44.1\"","timestamp":"2025-07-29 19:59:47"}
{"level":"info","message":"::1 - - [29/Jul/2025:14:29:57 +0000] \"POST /user/auth/verify-otp HTTP/1.1\" 200 114 \"-\" \"PostmanRuntime/7.44.1\"","timestamp":"2025-07-29 19:59:57"}
{"level":"info","message":"::ffff:127.0.0.1 - - [31/Jul/2025:07:20:09 +0000] \"POST /user/auth/signup HTTP/1.1\" 400 34 \"-\" \"okhttp/4.9.2\"","timestamp":"2025-07-31 12:50:09"}
{"level":"info","message":"::ffff:127.0.0.1 - - [31/Jul/2025:07:26:24 +0000] \"POST /user/auth/signup HTTP/1.1\" 400 34 \"-\" \"okhttp/4.9.2\"","timestamp":"2025-07-31 12:56:24"}
{"level":"info","message":"::ffff:127.0.0.1 - - [31/Jul/2025:07:37:20 +0000] \"POST /user/auth/signup HTTP/1.1\" 200 90 \"-\" \"okhttp/4.9.2\"","timestamp":"2025-07-31 13:07:20"}
{"level":"info","message":"::ffff:127.0.0.1 - - [31/Jul/2025:07:37:41 +0000] \"POST /user/auth/verify-otp HTTP/1.1\" 200 104 \"-\" \"okhttp/4.9.2\"","timestamp":"2025-07-31 13:07:41"}
{"level":"info","message":"::ffff:127.0.0.1 - - [31/Jul/2025:07:37:58 +0000] \"POST /user/auth/verify-otp HTTP/1.1\" 400 39 \"-\" \"okhttp/4.9.2\"","timestamp":"2025-07-31 13:07:58"}
{"level":"info","message":"::ffff:127.0.0.1 - - [31/Jul/2025:07:38:12 +0000] \"POST /user/auth/verify-otp HTTP/1.1\" 400 39 \"-\" \"okhttp/4.9.2\"","timestamp":"2025-07-31 13:08:12"}
{"level":"info","message":"::ffff:127.0.0.1 - - [31/Jul/2025:07:38:16 +0000] \"POST /user/auth/verify-otp HTTP/1.1\" 400 39 \"-\" \"okhttp/4.9.2\"","timestamp":"2025-07-31 13:08:16"}
{"level":"info","message":"::ffff:127.0.0.1 - - [31/Jul/2025:07:38:16 +0000] \"POST /user/auth/verify-otp HTTP/1.1\" 400 39 \"-\" \"okhttp/4.9.2\"","timestamp":"2025-07-31 13:08:16"}
{"level":"info","message":"::ffff:127.0.0.1 - - [31/Jul/2025:08:02:28 +0000] \"POST /user/auth/verify-otp HTTP/1.1\" 400 39 \"-\" \"okhttp/4.9.2\"","timestamp":"2025-07-31 13:32:28"}
{"level":"info","message":"::ffff:127.0.0.1 - - [31/Jul/2025:08:15:17 +0000] \"POST /user/auth/login HTTP/1.1\" 200 130 \"-\" \"okhttp/4.9.2\"","timestamp":"2025-07-31 13:45:17"}
{"level":"info","message":"::ffff:127.0.0.1 - - [31/Jul/2025:08:15:31 +0000] \"POST /user/auth/login HTTP/1.1\" 200 130 \"-\" \"okhttp/4.9.2\"","timestamp":"2025-07-31 13:45:31"}
{"level":"info","message":"::ffff:127.0.0.1 - - [31/Jul/2025:08:15:38 +0000] \"POST /user/auth/login HTTP/1.1\" 400 33 \"-\" \"okhttp/4.9.2\"","timestamp":"2025-07-31 13:45:38"}
{"level":"info","message":"::ffff:127.0.0.1 - - [31/Jul/2025:08:16:30 +0000] \"POST /user/auth/login HTTP/1.1\" 200 130 \"-\" \"okhttp/4.9.2\"","timestamp":"2025-07-31 13:46:30"}
{"level":"info","message":"::ffff:127.0.0.1 - - [31/Jul/2025:08:16:34 +0000] \"POST /user/auth/login HTTP/1.1\" 200 130 \"-\" \"okhttp/4.9.2\"","timestamp":"2025-07-31 13:46:34"}
{"level":"info","message":"::ffff:127.0.0.1 - - [31/Jul/2025:08:17:17 +0000] \"POST /user/auth/login HTTP/1.1\" 429 71 \"-\" \"okhttp/4.9.2\"","timestamp":"2025-07-31 13:47:17"}
{"level":"info","message":"::ffff:127.0.0.1 - - [31/Jul/2025:08:17:21 +0000] \"POST /user/auth/login HTTP/1.1\" 429 71 \"-\" \"okhttp/4.9.2\"","timestamp":"2025-07-31 13:47:21"}
{"level":"info","message":"::ffff:127.0.0.1 - - [31/Jul/2025:08:17:53 +0000] \"POST /user/auth/login HTTP/1.1\" 404 29 \"-\" \"okhttp/4.9.2\"","timestamp":"2025-07-31 13:47:53"}
{"level":"info","message":"::ffff:127.0.0.1 - - [31/Jul/2025:08:18:29 +0000] \"POST /user/auth/signup HTTP/1.1\" 200 90 \"-\" \"okhttp/4.9.2\"","timestamp":"2025-07-31 13:48:29"}
{"level":"info","message":"::ffff:127.0.0.1 - - [31/Jul/2025:08:18:46 +0000] \"POST /user/auth/verify-otp HTTP/1.1\" 200 107 \"-\" \"okhttp/4.9.2\"","timestamp":"2025-07-31 13:48:46"}
{"level":"info","message":"::ffff:127.0.0.1 - - [31/Jul/2025:08:18:49 +0000] \"POST /user/auth/verify-otp HTTP/1.1\" 400 39 \"-\" \"okhttp/4.9.2\"","timestamp":"2025-07-31 13:48:49"}
{"level":"info","message":"::ffff:127.0.0.1 - - [31/Jul/2025:08:19:52 +0000] \"POST /user/auth/login HTTP/1.1\" 200 133 \"-\" \"okhttp/4.9.2\"","timestamp":"2025-07-31 13:49:52"}
{"level":"info","message":"::ffff:127.0.0.1 - - [31/Jul/2025:08:19:57 +0000] \"POST /user/auth/login HTTP/1.1\" 200 133 \"-\" \"okhttp/4.9.2\"","timestamp":"2025-07-31 13:49:57"}
{"level":"info","message":"::ffff:127.0.0.1 - - [31/Jul/2025:08:20:10 +0000] \"POST /user/auth/login HTTP/1.1\" 200 133 \"-\" \"okhttp/4.9.2\"","timestamp":"2025-07-31 13:50:10"}
{"level":"info","message":"::ffff:127.0.0.1 - - [31/Jul/2025:08:20:13 +0000] \"POST /user/auth/login HTTP/1.1\" 200 133 \"-\" \"okhttp/4.9.2\"","timestamp":"2025-07-31 13:50:13"}
{"level":"info","message":"::ffff:127.0.0.1 - - [31/Jul/2025:08:20:13 +0000] \"POST /user/auth/login HTTP/1.1\" 200 133 \"-\" \"okhttp/4.9.2\"","timestamp":"2025-07-31 13:50:13"}
{"level":"info","message":"::ffff:127.0.0.1 - - [31/Jul/2025:08:29:45 +0000] \"POST /user/auth/login HTTP/1.1\" 404 29 \"-\" \"okhttp/4.9.2\"","timestamp":"2025-07-31 13:59:45"}
{"level":"info","message":"::ffff:127.0.0.1 - - [31/Jul/2025:08:30:25 +0000] \"POST /user/auth/signup HTTP/1.1\" 200 90 \"-\" \"okhttp/4.9.2\"","timestamp":"2025-07-31 14:00:25"}
{"level":"info","message":"::ffff:127.0.0.1 - - [31/Jul/2025:08:31:02 +0000] \"POST /user/auth/verify-otp HTTP/1.1\" 200 104 \"-\" \"okhttp/4.9.2\"","timestamp":"2025-07-31 14:01:02"}
{"level":"info","message":"::ffff:127.0.0.1 - - [31/Jul/2025:08:31:05 +0000] \"POST /user/auth/verify-otp HTTP/1.1\" 400 39 \"-\" \"okhttp/4.9.2\"","timestamp":"2025-07-31 14:01:05"}
{"level":"info","message":"::ffff:127.0.0.1 - - [31/Jul/2025:08:31:11 +0000] \"POST /user/auth/login HTTP/1.1\" 200 130 \"-\" \"okhttp/4.9.2\"","timestamp":"2025-07-31 14:01:11"}
{"level":"info","message":"::ffff:127.0.0.1 - - [31/Jul/2025:08:31:14 +0000] \"POST /user/auth/login HTTP/1.1\" 200 130 \"-\" \"okhttp/4.9.2\"","timestamp":"2025-07-31 14:01:14"}
{"level":"info","message":"::ffff:127.0.0.1 - - [31/Jul/2025:08:32:10 +0000] \"POST /user/auth/login HTTP/1.1\" 200 130 \"-\" \"okhttp/4.9.2\"","timestamp":"2025-07-31 14:02:10"}
{"level":"info","message":"::ffff:127.0.0.1 - - [31/Jul/2025:08:32:13 +0000] \"POST /user/auth/login HTTP/1.1\" 200 130 \"-\" \"okhttp/4.9.2\"","timestamp":"2025-07-31 14:02:13"}
{"level":"info","message":"::ffff:127.0.0.1 - - [31/Jul/2025:08:35:40 +0000] \"POST /user/auth/login HTTP/1.1\" 500 35 \"-\" \"okhttp/4.9.2\"","timestamp":"2025-07-31 14:05:40"}
{"level":"info","message":"::ffff:127.0.0.1 - - [31/Jul/2025:08:37:26 +0000] \"POST /user/auth/login HTTP/1.1\" 500 35 \"-\" \"okhttp/4.9.2\"","timestamp":"2025-07-31 14:07:26"}
{"level":"info","message":"::ffff:127.0.0.1 - - [31/Jul/2025:08:37:49 +0000] \"POST /user/auth/login HTTP/1.1\" 200 334 \"-\" \"okhttp/4.9.2\"","timestamp":"2025-07-31 14:07:49"}
{"level":"info","message":"::ffff:127.0.0.1 - - [31/Jul/2025:08:41:03 +0000] \"PATCH /user/info/onboarding HTTP/1.1\" 200 533 \"-\" \"okhttp/4.9.2\"","timestamp":"2025-07-31 14:11:03"}
{"level":"info","message":"::ffff:127.0.0.1 - - [31/Jul/2025:08:41:06 +0000] \"PATCH /user/info/onboarding HTTP/1.1\" 200 533 \"-\" \"okhttp/4.9.2\"","timestamp":"2025-07-31 14:11:06"}
{"level":"info","message":"::ffff:127.0.0.1 - - [31/Jul/2025:08:41:07 +0000] \"PATCH /user/info/onboarding HTTP/1.1\" 200 533 \"-\" \"okhttp/4.9.2\"","timestamp":"2025-07-31 14:11:07"}
{"level":"info","message":"::ffff:127.0.0.1 - - [31/Jul/2025:08:41:08 +0000] \"PATCH /user/info/onboarding HTTP/1.1\" 200 533 \"-\" \"okhttp/4.9.2\"","timestamp":"2025-07-31 14:11:08"}
{"level":"info","message":"::ffff:127.0.0.1 - - [31/Jul/2025:10:01:20 +0000] \"POST /user/auth/login HTTP/1.1\" 200 333 \"-\" \"okhttp/4.9.2\"","timestamp":"2025-07-31 15:31:20"}
{"level":"info","message":"::ffff:127.0.0.1 - - [31/Jul/2025:10:52:00 +0000] \"POST /user/auth/login HTTP/1.1\" 200 333 \"-\" \"okhttp/4.9.2\"","timestamp":"2025-07-31 16:22:00"}
{"level":"info","message":"::ffff:127.0.0.1 - - [01/Aug/2025:05:52:51 +0000] \"POST /user/auth/login HTTP/1.1\" 200 333 \"-\" \"okhttp/4.9.2\"","timestamp":"2025-08-01 11:22:51"}
{"level":"info","message":"::ffff:127.0.0.1 - - [01/Aug/2025:05:58:38 +0000] \"POST /user/auth/login HTTP/1.1\" 404 29 \"-\" \"okhttp/4.9.2\"","timestamp":"2025-08-01 11:28:38"}
{"level":"info","message":"::ffff:127.0.0.1 - - [01/Aug/2025:05:59:20 +0000] \"POST /user/auth/signup HTTP/1.1\" 200 90 \"-\" \"okhttp/4.9.2\"","timestamp":"2025-08-01 11:29:20"}
{"level":"info","message":"::ffff:127.0.0.1 - - [01/Aug/2025:05:59:49 +0000] \"POST /user/auth/verify-otp HTTP/1.1\" 200 107 \"-\" \"okhttp/4.9.2\"","timestamp":"2025-08-01 11:29:49"}
{"level":"info","message":"::ffff:127.0.0.1 - - [01/Aug/2025:05:59:52 +0000] \"POST /user/auth/verify-otp HTTP/1.1\" 400 39 \"-\" \"okhttp/4.9.2\"","timestamp":"2025-08-01 11:29:52"}
{"level":"info","message":"::ffff:127.0.0.1 - - [01/Aug/2025:05:59:55 +0000] \"POST /user/auth/verify-otp HTTP/1.1\" 400 39 \"-\" \"okhttp/4.9.2\"","timestamp":"2025-08-01 11:29:55"}
{"level":"info","message":"::ffff:127.0.0.1 - - [01/Aug/2025:05:59:57 +0000] \"POST /user/auth/verify-otp HTTP/1.1\" 400 39 \"-\" \"okhttp/4.9.2\"","timestamp":"2025-08-01 11:29:57"}
{"level":"info","message":"::ffff:127.0.0.1 - - [01/Aug/2025:06:06:47 +0000] \"POST /user/auth/signup HTTP/1.1\" 200 90 \"-\" \"okhttp/4.9.2\"","timestamp":"2025-08-01 11:36:47"}
{"level":"info","message":"::ffff:127.0.0.1 - - [01/Aug/2025:06:07:12 +0000] \"POST /user/auth/verify-otp HTTP/1.1\" 200 107 \"-\" \"okhttp/4.9.2\"","timestamp":"2025-08-01 11:37:12"}
{"level":"info","message":"::ffff:127.0.0.1 - - [01/Aug/2025:06:07:15 +0000] \"POST /user/auth/verify-otp HTTP/1.1\" 400 39 \"-\" \"okhttp/4.9.2\"","timestamp":"2025-08-01 11:37:15"}
{"level":"info","message":"::ffff:127.0.0.1 - - [01/Aug/2025:06:07:18 +0000] \"POST /user/auth/verify-otp HTTP/1.1\" 400 39 \"-\" \"okhttp/4.9.2\"","timestamp":"2025-08-01 11:37:18"}
{"level":"info","message":"::ffff:127.0.0.1 - - [01/Aug/2025:06:07:21 +0000] \"POST /user/auth/verify-otp HTTP/1.1\" 400 39 \"-\" \"okhttp/4.9.2\"","timestamp":"2025-08-01 11:37:21"}
{"level":"info","message":"::ffff:127.0.0.1 - - [01/Aug/2025:06:10:37 +0000] \"POST /user/auth/signup HTTP/1.1\" 200 90 \"-\" \"okhttp/4.9.2\"","timestamp":"2025-08-01 11:40:37"}
{"level":"info","message":"::ffff:127.0.0.1 - - [01/Aug/2025:06:10:55 +0000] \"POST /user/auth/verify-otp HTTP/1.1\" 200 107 \"-\" \"okhttp/4.9.2\"","timestamp":"2025-08-01 11:40:55"}
{"level":"info","message":"::ffff:127.0.0.1 - - [01/Aug/2025:06:11:04 +0000] \"POST /user/auth/verify-otp HTTP/1.1\" 400 39 \"-\" \"okhttp/4.9.2\"","timestamp":"2025-08-01 11:41:04"}
{"level":"info","message":"::ffff:127.0.0.1 - - [01/Aug/2025:06:14:30 +0000] \"POST /user/auth/signup HTTP/1.1\" 200 90 \"-\" \"okhttp/4.9.2\"","timestamp":"2025-08-01 11:44:30"}
{"level":"info","message":"::ffff:127.0.0.1 - - [01/Aug/2025:06:14:46 +0000] \"POST /user/auth/verify-otp HTTP/1.1\" 200 107 \"-\" \"okhttp/4.9.2\"","timestamp":"2025-08-01 11:44:46"}
{"level":"info","message":"::ffff:127.0.0.1 - - [01/Aug/2025:06:17:18 +0000] \"POST /user/auth/signup HTTP/1.1\" 200 90 \"-\" \"okhttp/4.9.2\"","timestamp":"2025-08-01 11:47:18"}
{"level":"info","message":"::ffff:127.0.0.1 - - [01/Aug/2025:06:17:33 +0000] \"POST /user/auth/verify-otp HTTP/1.1\" 200 104 \"-\" \"okhttp/4.9.2\"","timestamp":"2025-08-01 11:47:33"}
{"level":"info","message":"::ffff:127.0.0.1 - - [01/Aug/2025:06:21:53 +0000] \"POST /user/auth/signup HTTP/1.1\" 200 90 \"-\" \"okhttp/4.9.2\"","timestamp":"2025-08-01 11:51:53"}
{"level":"info","message":"::ffff:127.0.0.1 - - [01/Aug/2025:06:22:07 +0000] \"POST /user/auth/verify-otp HTTP/1.1\" 200 104 \"-\" \"okhttp/4.9.2\"","timestamp":"2025-08-01 11:52:07"}
{"level":"info","message":"::ffff:127.0.0.1 - - [01/Aug/2025:06:22:15 +0000] \"POST /user/auth/resend-otp HTTP/1.1\" 400 36 \"-\" \"okhttp/4.9.2\"","timestamp":"2025-08-01 11:52:15"}
{"level":"info","message":"::ffff:127.0.0.1 - - [01/Aug/2025:06:25:10 +0000] \"POST /user/auth/signup HTTP/1.1\" 200 90 \"-\" \"okhttp/4.9.2\"","timestamp":"2025-08-01 11:55:10"}
{"level":"info","message":"::ffff:127.0.0.1 - - [01/Aug/2025:06:25:25 +0000] \"POST /user/auth/verify-otp HTTP/1.1\" 200 104 \"-\" \"okhttp/4.9.2\"","timestamp":"2025-08-01 11:55:25"}
{"level":"info","message":"::ffff:127.0.0.1 - - [01/Aug/2025:06:28:06 +0000] \"POST /user/auth/verify-otp HTTP/1.1\" 400 39 \"-\" \"okhttp/4.9.2\"","timestamp":"2025-08-01 11:58:06"}
{"level":"info","message":"::ffff:127.0.0.1 - - [01/Aug/2025:06:28:23 +0000] \"POST /user/auth/signup HTTP/1.1\" 200 90 \"-\" \"okhttp/4.9.2\"","timestamp":"2025-08-01 11:58:23"}
{"level":"info","message":"::ffff:127.0.0.1 - - [01/Aug/2025:06:28:43 +0000] \"POST /user/auth/verify-otp HTTP/1.1\" 200 104 \"-\" \"okhttp/4.9.2\"","timestamp":"2025-08-01 11:58:43"}
{"level":"info","message":"::ffff:127.0.0.1 - - [01/Aug/2025:06:34:12 +0000] \"POST /user/auth/signup HTTP/1.1\" 200 90 \"-\" \"okhttp/4.9.2\"","timestamp":"2025-08-01 12:04:12"}
{"level":"info","message":"::ffff:127.0.0.1 - - [01/Aug/2025:06:34:30 +0000] \"POST /user/auth/verify-otp HTTP/1.1\" 200 103 \"-\" \"okhttp/4.9.2\"","timestamp":"2025-08-01 12:04:30"}
{"level":"info","message":"::ffff:127.0.0.1 - - [01/Aug/2025:06:34:35 +0000] \"POST /user/auth/verify-otp HTTP/1.1\" 400 39 \"-\" \"okhttp/4.9.2\"","timestamp":"2025-08-01 12:04:35"}
{"level":"info","message":"::ffff:127.0.0.1 - - [01/Aug/2025:06:43:31 +0000] \"POST /user/auth/signup HTTP/1.1\" 200 90 \"-\" \"okhttp/4.9.2\"","timestamp":"2025-08-01 12:13:31"}
{"level":"info","message":"::ffff:127.0.0.1 - - [01/Aug/2025:06:43:51 +0000] \"POST /user/auth/verify-otp HTTP/1.1\" 400 37 \"-\" \"okhttp/4.9.2\"","timestamp":"2025-08-01 12:13:51"}
{"level":"info","message":"::ffff:127.0.0.1 - - [01/Aug/2025:06:43:59 +0000] \"POST /user/auth/verify-otp HTTP/1.1\" 400 37 \"-\" \"okhttp/4.9.2\"","timestamp":"2025-08-01 12:13:59"}
{"level":"info","message":"::ffff:127.0.0.1 - - [01/Aug/2025:06:44:06 +0000] \"POST /user/auth/verify-otp HTTP/1.1\" 400 37 \"-\" \"okhttp/4.9.2\"","timestamp":"2025-08-01 12:14:06"}
{"level":"info","message":"::ffff:127.0.0.1 - - [01/Aug/2025:06:45:33 +0000] \"POST /user/auth/verify-otp HTTP/1.1\" 200 104 \"-\" \"okhttp/4.9.2\"","timestamp":"2025-08-01 12:15:33"}
{"level":"info","message":"::ffff:127.0.0.1 - - [01/Aug/2025:06:45:38 +0000] \"POST /user/auth/verify-otp HTTP/1.1\" 400 39 \"-\" \"okhttp/4.9.2\"","timestamp":"2025-08-01 12:15:38"}
{"level":"info","message":"::ffff:127.0.0.1 - - [01/Aug/2025:06:53:30 +0000] \"POST /user/auth/signup HTTP/1.1\" 200 90 \"-\" \"okhttp/4.9.2\"","timestamp":"2025-08-01 12:23:30"}
{"level":"info","message":"::ffff:127.0.0.1 - - [01/Aug/2025:06:53:56 +0000] \"POST /user/auth/verify-otp HTTP/1.1\" 400 37 \"-\" \"okhttp/4.9.2\"","timestamp":"2025-08-01 12:23:56"}
{"level":"info","message":"::ffff:127.0.0.1 - - [01/Aug/2025:06:54:00 +0000] \"POST /user/auth/verify-otp HTTP/1.1\" 400 37 \"-\" \"okhttp/4.9.2\"","timestamp":"2025-08-01 12:24:00"}
{"level":"info","message":"::ffff:127.0.0.1 - - [01/Aug/2025:06:54:03 +0000] \"POST /user/auth/verify-otp HTTP/1.1\" 400 37 \"-\" \"okhttp/4.9.2\"","timestamp":"2025-08-01 12:24:03"}
{"level":"info","message":"::ffff:127.0.0.1 - - [01/Aug/2025:06:54:04 +0000] \"POST /user/auth/verify-otp HTTP/1.1\" 400 37 \"-\" \"okhttp/4.9.2\"","timestamp":"2025-08-01 12:24:04"}
{"level":"info","message":"::ffff:127.0.0.1 - - [01/Aug/2025:06:59:08 +0000] \"POST /user/auth/verify-otp HTTP/1.1\" 200 104 \"-\" \"okhttp/4.9.2\"","timestamp":"2025-08-01 12:29:08"}
{"level":"info","message":"::ffff:127.0.0.1 - - [01/Aug/2025:06:59:13 +0000] \"POST /user/auth/verify-otp HTTP/1.1\" 400 39 \"-\" \"okhttp/4.9.2\"","timestamp":"2025-08-01 12:29:13"}
{"level":"info","message":"::ffff:127.0.0.1 - - [01/Aug/2025:06:59:40 +0000] \"POST /user/auth/login HTTP/1.1\" 200 334 \"-\" \"okhttp/4.9.2\"","timestamp":"2025-08-01 12:29:40"}
{"level":"info","message":"::ffff:127.0.0.1 - - [01/Aug/2025:07:00:13 +0000] \"PATCH /user/info/onboarding HTTP/1.1\" 200 562 \"-\" \"okhttp/4.9.2\"","timestamp":"2025-08-01 12:30:13"}
{"level":"info","message":"::ffff:127.0.0.1 - - [01/Aug/2025:07:09:26 +0000] \"POST /user/auth/signup HTTP/1.1\" 200 90 \"-\" \"okhttp/4.9.2\"","timestamp":"2025-08-01 12:39:26"}
{"level":"info","message":"::ffff:127.0.0.1 - - [01/Aug/2025:07:11:02 +0000] \"POST /user/auth/verify-otp HTTP/1.1\" 500 38 \"-\" \"okhttp/4.9.2\"","timestamp":"2025-08-01 12:41:02"}
{"level":"info","message":"::ffff:127.0.0.1 - - [01/Aug/2025:07:22:16 +0000] \"POST /user/auth/verify-otp HTTP/1.1\" 400 37 \"-\" \"okhttp/4.9.2\"","timestamp":"2025-08-01 12:52:16"}
{"level":"info","message":"::ffff:127.0.0.1 - - [01/Aug/2025:07:22:26 +0000] \"POST /user/auth/signup HTTP/1.1\" 400 34 \"-\" \"okhttp/4.9.2\"","timestamp":"2025-08-01 12:52:26"}
{"level":"info","message":"::ffff:127.0.0.1 - - [01/Aug/2025:07:22:39 +0000] \"POST /user/auth/signup HTTP/1.1\" 200 90 \"-\" \"okhttp/4.9.2\"","timestamp":"2025-08-01 12:52:39"}
{"level":"info","message":"::ffff:127.0.0.1 - - [01/Aug/2025:07:22:56 +0000] \"POST /user/auth/verify-otp HTTP/1.1\" 200 107 \"-\" \"okhttp/4.9.2\"","timestamp":"2025-08-01 12:52:56"}
{"level":"info","message":"::ffff:127.0.0.1 - - [01/Aug/2025:07:23:02 +0000] \"POST /user/auth/verify-otp HTTP/1.1\" 400 39 \"-\" \"okhttp/4.9.2\"","timestamp":"2025-08-01 12:53:02"}
{"level":"info","message":"::ffff:127.0.0.1 - - [01/Aug/2025:07:23:06 +0000] \"POST /user/auth/verify-otp HTTP/1.1\" 400 39 \"-\" \"okhttp/4.9.2\"","timestamp":"2025-08-01 12:53:06"}
{"level":"info","message":"::ffff:127.0.0.1 - - [01/Aug/2025:07:29:15 +0000] \"POST /user/auth/login HTTP/1.1\" 200 337 \"-\" \"okhttp/4.9.2\"","timestamp":"2025-08-01 12:59:15"}
{"level":"info","message":"::ffff:127.0.0.1 - - [01/Aug/2025:07:29:51 +0000] \"PATCH /user/info/onboarding HTTP/1.1\" 500 43 \"-\" \"okhttp/4.9.2\"","timestamp":"2025-08-01 12:59:51"}
{"level":"info","message":"::ffff:127.0.0.1 - - [01/Aug/2025:07:32:15 +0000] \"PATCH /user/info/onboarding HTTP/1.1\" 500 43 \"-\" \"okhttp/4.9.2\"","timestamp":"2025-08-01 13:02:15"}
{"level":"info","message":"::ffff:127.0.0.1 - - [01/Aug/2025:07:32:15 +0000] \"PATCH /user/info/onboarding HTTP/1.1\" 500 43 \"-\" \"okhttp/4.9.2\"","timestamp":"2025-08-01 13:02:15"}
{"level":"info","message":"::ffff:127.0.0.1 - - [01/Aug/2025:07:35:17 +0000] \"PATCH /user/info/onboarding HTTP/1.1\" 500 43 \"-\" \"okhttp/4.9.2\"","timestamp":"2025-08-01 13:05:17"}
{"level":"info","message":"::ffff:127.0.0.1 - - [01/Aug/2025:07:40:04 +0000] \"PATCH /user/info/onboarding HTTP/1.1\" 200 608 \"-\" \"okhttp/4.9.2\"","timestamp":"2025-08-01 13:10:04"}
{"level":"info","message":"::ffff:127.0.0.1 - - [01/Aug/2025:07:52:39 +0000] \"POST /user/auth/signup HTTP/1.1\" 200 90 \"-\" \"okhttp/4.9.2\"","timestamp":"2025-08-01 13:22:39"}
{"level":"info","message":"::ffff:127.0.0.1 - - [01/Aug/2025:07:52:55 +0000] \"POST /user/auth/verify-otp HTTP/1.1\" 200 104 \"-\" \"okhttp/4.9.2\"","timestamp":"2025-08-01 13:22:55"}
{"level":"info","message":"::ffff:127.0.0.1 - - [01/Aug/2025:07:53:19 +0000] \"POST /user/auth/login HTTP/1.1\" 404 29 \"-\" \"okhttp/4.9.2\"","timestamp":"2025-08-01 13:23:19"}
{"level":"info","message":"::ffff:127.0.0.1 - - [01/Aug/2025:07:53:58 +0000] \"POST /user/auth/signup HTTP/1.1\" 200 90 \"-\" \"okhttp/4.9.2\"","timestamp":"2025-08-01 13:23:58"}
{"level":"info","message":"::ffff:127.0.0.1 - - [01/Aug/2025:07:54:14 +0000] \"POST /user/auth/verify-otp HTTP/1.1\" 200 104 \"-\" \"okhttp/4.9.2\"","timestamp":"2025-08-01 13:24:14"}
{"level":"info","message":"::ffff:127.0.0.1 - - [01/Aug/2025:07:54:17 +0000] \"POST /user/auth/verify-otp HTTP/1.1\" 400 39 \"-\" \"okhttp/4.9.2\"","timestamp":"2025-08-01 13:24:17"}
{"level":"info","message":"::ffff:127.0.0.1 - - [01/Aug/2025:07:54:23 +0000] \"POST /user/auth/login HTTP/1.1\" 404 29 \"-\" \"okhttp/4.9.2\"","timestamp":"2025-08-01 13:24:23"}
{"level":"info","message":"::ffff:127.0.0.1 - - [01/Aug/2025:07:54:26 +0000] \"POST /user/auth/login HTTP/1.1\" 404 29 \"-\" \"okhttp/4.9.2\"","timestamp":"2025-08-01 13:24:26"}
{"level":"info","message":"::ffff:127.0.0.1 - - [01/Aug/2025:07:54:30 +0000] \"POST /user/auth/login HTTP/1.1\" 404 29 \"-\" \"okhttp/4.9.2\"","timestamp":"2025-08-01 13:24:30"}
{"level":"info","message":"::ffff:127.0.0.1 - - [01/Aug/2025:07:54:31 +0000] \"POST /user/auth/login HTTP/1.1\" 404 29 \"-\" \"okhttp/4.9.2\"","timestamp":"2025-08-01 13:24:31"}
{"level":"info","message":"::ffff:127.0.0.1 - - [01/Aug/2025:07:54:31 +0000] \"POST /user/auth/login HTTP/1.1\" 404 29 \"-\" \"okhttp/4.9.2\"","timestamp":"2025-08-01 13:24:31"}
{"level":"info","message":"::ffff:127.0.0.1 - - [01/Aug/2025:07:55:05 +0000] \"POST /user/auth/login HTTP/1.1\" 200 334 \"-\" \"okhttp/4.9.2\"","timestamp":"2025-08-01 13:25:05"}
{"level":"info","message":"::ffff:127.0.0.1 - - [01/Aug/2025:07:55:37 +0000] \"PATCH /user/info/onboarding HTTP/1.1\" 500 43 \"-\" \"okhttp/4.9.2\"","timestamp":"2025-08-01 13:25:37"}
{"level":"info","message":"::ffff:127.0.0.1 - - [01/Aug/2025:07:55:54 +0000] \"PATCH /user/info/onboarding HTTP/1.1\" 200 621 \"-\" \"okhttp/4.9.2\"","timestamp":"2025-08-01 13:25:54"}
{"level":"info","message":"::ffff:127.0.0.1 - - [01/Aug/2025:07:58:46 +0000] \"PATCH /user/info/onboarding HTTP/1.1\" 200 621 \"-\" \"okhttp/4.9.2\"","timestamp":"2025-08-01 13:28:46"}
{"level":"info","message":"::ffff:127.0.0.1 - - [01/Aug/2025:08:01:17 +0000] \"PATCH /user/info/onboarding HTTP/1.1\" 200 621 \"-\" \"okhttp/4.9.2\"","timestamp":"2025-08-01 13:31:17"}
{"level":"info","message":"::ffff:127.0.0.1 - - [01/Aug/2025:08:03:42 +0000] \"PATCH /user/info/onboarding HTTP/1.1\" 500 43 \"-\" \"okhttp/4.9.2\"","timestamp":"2025-08-01 13:33:42"}
{"level":"info","message":"::ffff:127.0.0.1 - - [01/Aug/2025:08:05:26 +0000] \"PATCH /user/info/onboarding HTTP/1.1\" 200 704 \"-\" \"okhttp/4.9.2\"","timestamp":"2025-08-01 13:35:26"}
{"level":"info","message":"::ffff:127.0.0.1 - - [01/Aug/2025:08:13:00 +0000] \"PATCH /user/info/onboarding HTTP/1.1\" 200 704 \"-\" \"okhttp/4.9.2\"","timestamp":"2025-08-01 13:43:00"}
{"level":"info","message":"::ffff:127.0.0.1 - - [01/Aug/2025:08:13:20 +0000] \"PATCH /user/info/onboarding HTTP/1.1\" 500 43 \"-\" \"okhttp/4.9.2\"","timestamp":"2025-08-01 13:43:20"}
{"level":"info","message":"::ffff:127.0.0.1 - - [01/Aug/2025:08:14:39 +0000] \"PATCH /user/info/onboarding HTTP/1.1\" 500 43 \"-\" \"okhttp/4.9.2\"","timestamp":"2025-08-01 13:44:39"}
{"level":"info","message":"::ffff:127.0.0.1 - - [01/Aug/2025:08:14:49 +0000] \"PATCH /user/info/onboarding HTTP/1.1\" 500 43 \"-\" \"okhttp/4.9.2\"","timestamp":"2025-08-01 13:44:49"}
{"level":"info","message":"::ffff:127.0.0.1 - - [01/Aug/2025:08:14:55 +0000] \"PATCH /user/info/onboarding HTTP/1.1\" 500 43 \"-\" \"okhttp/4.9.2\"","timestamp":"2025-08-01 13:44:55"}
{"level":"info","message":"::ffff:127.0.0.1 - - [01/Aug/2025:08:16:03 +0000] \"PATCH /user/info/onboarding HTTP/1.1\" 500 43 \"-\" \"okhttp/4.9.2\"","timestamp":"2025-08-01 13:46:03"}
{"level":"info","message":"::ffff:127.0.0.1 - - [01/Aug/2025:08:17:34 +0000] \"PATCH /user/info/onboarding HTTP/1.1\" 500 43 \"-\" \"okhttp/4.9.2\"","timestamp":"2025-08-01 13:47:34"}
{"level":"info","message":"::ffff:127.0.0.1 - - [01/Aug/2025:08:17:39 +0000] \"PATCH /user/info/onboarding HTTP/1.1\" 200 710 \"-\" \"okhttp/4.9.2\"","timestamp":"2025-08-01 13:47:39"}
{"level":"info","message":"::ffff:127.0.0.1 - - [01/Aug/2025:08:17:53 +0000] \"PATCH /user/info/onboarding HTTP/1.1\" 200 700 \"-\" \"okhttp/4.9.2\"","timestamp":"2025-08-01 13:47:53"}
{"level":"info","message":"::ffff:127.0.0.1 - - [01/Aug/2025:08:17:59 +0000] \"PATCH /user/info/onboarding HTTP/1.1\" 500 43 \"-\" \"okhttp/4.9.2\"","timestamp":"2025-08-01 13:47:59"}
{"level":"info","message":"::ffff:127.0.0.1 - - [01/Aug/2025:08:18:14 +0000] \"PATCH /user/info/onboarding HTTP/1.1\" 500 43 \"-\" \"okhttp/4.9.2\"","timestamp":"2025-08-01 13:48:14"}
{"level":"info","message":"::ffff:127.0.0.1 - - [01/Aug/2025:08:25:07 +0000] \"PATCH /user/info/onboarding HTTP/1.1\" 200 700 \"-\" \"okhttp/4.9.2\"","timestamp":"2025-08-01 13:55:07"}
{"level":"info","message":"::ffff:127.0.0.1 - - [01/Aug/2025:08:25:15 +0000] \"PATCH /user/info/onboarding HTTP/1.1\" 200 752 \"-\" \"okhttp/4.9.2\"","timestamp":"2025-08-01 13:55:15"}
{"level":"info","message":"::ffff:127.0.0.1 - - [01/Aug/2025:08:40:52 +0000] \"POST /user/auth/signup HTTP/1.1\" 200 90 \"-\" \"okhttp/4.9.2\"","timestamp":"2025-08-01 14:10:52"}
{"level":"info","message":"::ffff:127.0.0.1 - - [01/Aug/2025:08:41:02 +0000] \"POST /user/auth/signup HTTP/1.1\" 400 34 \"-\" \"okhttp/4.9.2\"","timestamp":"2025-08-01 14:11:02"}
{"level":"info","message":"::ffff:127.0.0.1 - - [01/Aug/2025:08:41:19 +0000] \"POST /user/auth/signup HTTP/1.1\" 200 90 \"-\" \"okhttp/4.9.2\"","timestamp":"2025-08-01 14:11:19"}
{"level":"info","message":"::1 - - [01/Aug/2025:08:43:16 +0000] \"POST /user/auth/verify-otp HTTP/1.1\" 200 107 \"-\" \"PostmanRuntime/7.44.1\"","timestamp":"2025-08-01 14:13:16"}
{"level":"info","message":"::ffff:127.0.0.1 - - [01/Aug/2025:08:43:40 +0000] \"POST /user/auth/login HTTP/1.1\" 200 337 \"-\" \"okhttp/4.9.2\"","timestamp":"2025-08-01 14:13:40"}
{"level":"info","message":"::ffff:127.0.0.1 - - [01/Aug/2025:08:44:15 +0000] \"PATCH /user/info/onboarding HTTP/1.1\" 200 638 \"-\" \"okhttp/4.9.2\"","timestamp":"2025-08-01 14:14:15"}
{"level":"info","message":"::ffff:127.0.0.1 - - [01/Aug/2025:08:44:29 +0000] \"PATCH /user/info/onboarding HTTP/1.1\" 200 719 \"-\" \"okhttp/4.9.2\"","timestamp":"2025-08-01 14:14:29"}
{"level":"info","message":"::ffff:127.0.0.1 - - [01/Aug/2025:08:44:41 +0000] \"PATCH /user/info/onboarding HTTP/1.1\" 200 772 \"-\" \"okhttp/4.9.2\"","timestamp":"2025-08-01 14:14:41"}
{"level":"info","message":"::ffff:127.0.0.1 - - [01/Aug/2025:08:57:33 +0000] \"POST /user/auth/signup HTTP/1.1\" 200 90 \"-\" \"okhttp/4.9.2\"","timestamp":"2025-08-01 14:27:33"}
{"level":"info","message":"::ffff:127.0.0.1 - - [01/Aug/2025:08:57:53 +0000] \"POST /user/auth/verify-otp HTTP/1.1\" 200 108 \"-\" \"okhttp/4.9.2\"","timestamp":"2025-08-01 14:27:53"}
{"level":"info","message":"::ffff:127.0.0.1 - - [01/Aug/2025:08:57:58 +0000] \"POST /user/auth/verify-otp HTTP/1.1\" 400 39 \"-\" \"okhttp/4.9.2\"","timestamp":"2025-08-01 14:27:58"}
{"level":"info","message":"::ffff:127.0.0.1 - - [01/Aug/2025:08:58:18 +0000] \"POST /user/auth/login HTTP/1.1\" 200 338 \"-\" \"okhttp/4.9.2\"","timestamp":"2025-08-01 14:28:18"}
{"level":"info","message":"::ffff:127.0.0.1 - - [01/Aug/2025:08:58:47 +0000] \"PATCH /user/info/onboarding HTTP/1.1\" 200 625 \"-\" \"okhttp/4.9.2\"","timestamp":"2025-08-01 14:28:47"}
{"level":"info","message":"::ffff:127.0.0.1 - - [01/Aug/2025:08:59:00 +0000] \"PATCH /user/info/onboarding HTTP/1.1\" 200 706 \"-\" \"okhttp/4.9.2\"","timestamp":"2025-08-01 14:29:00"}
{"level":"info","message":"::ffff:127.0.0.1 - - [01/Aug/2025:08:59:10 +0000] \"PATCH /user/info/onboarding HTTP/1.1\" 200 759 \"-\" \"okhttp/4.9.2\"","timestamp":"2025-08-01 14:29:10"}
{"level":"info","message":"::ffff:127.0.0.1 - - [01/Aug/2025:11:19:42 +0000] \"PATCH /user/info/onboarding HTTP/1.1\" 401 41 \"-\" \"okhttp/4.9.2\"","timestamp":"2025-08-01 16:49:42"}
{"level":"info","message":"::ffff:127.0.0.1 - - [01/Aug/2025:11:20:49 +0000] \"PATCH /user/info/onboarding HTTP/1.1\" 401 41 \"-\" \"okhttp/4.9.2\"","timestamp":"2025-08-01 16:50:49"}
{"level":"info","message":"::ffff:127.0.0.1 - - [01/Aug/2025:11:21:02 +0000] \"PATCH /user/info/onboarding HTTP/1.1\" 401 41 \"-\" \"okhttp/4.9.2\"","timestamp":"2025-08-01 16:51:02"}
{"level":"info","message":"::ffff:127.0.0.1 - - [01/Aug/2025:11:29:18 +0000] \"POST /user/auth/login HTTP/1.1\" 500 35 \"-\" \"okhttp/4.9.2\"","timestamp":"2025-08-01 16:59:18"}
{"level":"info","message":"::ffff:127.0.0.1 - - [01/Aug/2025:11:29:38 +0000] \"POST /user/auth/login HTTP/1.1\" 500 35 \"-\" \"okhttp/4.9.2\"","timestamp":"2025-08-01 16:59:38"}
{"level":"info","message":"::ffff:127.0.0.1 - - [01/Aug/2025:11:29:53 +0000] \"POST /user/auth/login HTTP/1.1\" 500 35 \"-\" \"okhttp/4.9.2\"","timestamp":"2025-08-01 16:59:53"}
{"level":"info","message":"::ffff:127.0.0.1 - - [01/Aug/2025:11:31:35 +0000] \"POST /user/auth/login HTTP/1.1\" 500 35 \"-\" \"okhttp/4.9.2\"","timestamp":"2025-08-01 17:01:35"}
{"level":"info","message":"::ffff:127.0.0.1 - - [01/Aug/2025:11:31:49 +0000] \"POST /user/auth/login HTTP/1.1\" 500 35 \"-\" \"okhttp/4.9.2\"","timestamp":"2025-08-01 17:01:49"}
{"level":"info","message":"::ffff:127.0.0.1 - - [01/Aug/2025:11:33:06 +0000] \"POST /user/auth/login HTTP/1.1\" 200 337 \"-\" \"okhttp/4.9.2\"","timestamp":"2025-08-01 17:03:06"}
{"level":"info","message":"::ffff:127.0.0.1 - - [01/Aug/2025:11:36:22 +0000] \"POST /user/auth/signup HTTP/1.1\" 200 90 \"-\" \"okhttp/4.9.2\"","timestamp":"2025-08-01 17:06:22"}
{"level":"info","message":"::ffff:127.0.0.1 - - [01/Aug/2025:11:37:04 +0000] \"POST /user/auth/verify-otp HTTP/1.1\" 200 104 \"-\" \"okhttp/4.9.2\"","timestamp":"2025-08-01 17:07:04"}
{"level":"info","message":"::ffff:127.0.0.1 - - [01/Aug/2025:11:37:08 +0000] \"POST /user/auth/verify-otp HTTP/1.1\" 400 39 \"-\" \"okhttp/4.9.2\"","timestamp":"2025-08-01 17:07:08"}
{"level":"info","message":"::ffff:127.0.0.1 - - [01/Aug/2025:11:37:30 +0000] \"POST /user/auth/login HTTP/1.1\" 200 334 \"-\" \"okhttp/4.9.2\"","timestamp":"2025-08-01 17:07:30"}
{"level":"info","message":"::ffff:127.0.0.1 - - [01/Aug/2025:11:38:08 +0000] \"PATCH /user/info/onboarding HTTP/1.1\" 200 614 \"-\" \"okhttp/4.9.2\"","timestamp":"2025-08-01 17:08:08"}
{"level":"info","message":"::ffff:127.0.0.1 - - [01/Aug/2025:11:38:20 +0000] \"PATCH /user/info/onboarding HTTP/1.1\" 200 696 \"-\" \"okhttp/4.9.2\"","timestamp":"2025-08-01 17:08:20"}
{"level":"info","message":"::ffff:127.0.0.1 - - [01/Aug/2025:11:38:26 +0000] \"PATCH /user/info/onboarding HTTP/1.1\" 200 749 \"-\" \"okhttp/4.9.2\"","timestamp":"2025-08-01 17:08:26"}
{"level":"info","message":"::ffff:127.0.0.1 - - [01/Aug/2025:11:39:18 +0000] \"PATCH /user/info/onboarding HTTP/1.1\" 200 804 \"-\" \"okhttp/4.9.2\"","timestamp":"2025-08-01 17:09:18"}
{"level":"info","message":"::ffff:127.0.0.1 - - [02/Aug/2025:06:07:23 +0000] \"POST /user/auth/signup HTTP/1.1\" 200 90 \"-\" \"okhttp/4.9.2\"","timestamp":"2025-08-02 11:37:23"}
{"level":"info","message":"::ffff:127.0.0.1 - - [02/Aug/2025:06:07:41 +0000] \"POST /user/auth/verify-otp HTTP/1.1\" 200 104 \"-\" \"okhttp/4.9.2\"","timestamp":"2025-08-02 11:37:41"}
{"level":"info","message":"::ffff:127.0.0.1 - - [02/Aug/2025:06:07:43 +0000] \"POST /user/auth/verify-otp HTTP/1.1\" 400 39 \"-\" \"okhttp/4.9.2\"","timestamp":"2025-08-02 11:37:43"}
{"level":"info","message":"::ffff:127.0.0.1 - - [02/Aug/2025:06:08:07 +0000] \"POST /user/auth/login HTTP/1.1\" 200 334 \"-\" \"okhttp/4.9.2\"","timestamp":"2025-08-02 11:38:07"}
{"level":"info","message":"::ffff:127.0.0.1 - - [02/Aug/2025:06:58:13 +0000] \"PATCH /user/info/onboarding HTTP/1.1\" 200 622 \"-\" \"okhttp/4.9.2\"","timestamp":"2025-08-02 12:28:13"}
{"level":"info","message":"::ffff:127.0.0.1 - - [02/Aug/2025:06:58:48 +0000] \"PATCH /user/info/onboarding HTTP/1.1\" 200 704 \"-\" \"okhttp/4.9.2\"","timestamp":"2025-08-02 12:28:48"}
{"level":"info","message":"::ffff:127.0.0.1 - - [02/Aug/2025:06:58:55 +0000] \"PATCH /user/info/onboarding HTTP/1.1\" 200 757 \"-\" \"okhttp/4.9.2\"","timestamp":"2025-08-02 12:28:55"}
{"level":"info","message":"::ffff:127.0.0.1 - - [02/Aug/2025:07:01:32 +0000] \"PATCH /user/info/onboarding HTTP/1.1\" 200 913 \"-\" \"okhttp/4.9.2\"","timestamp":"2025-08-02 12:31:32"}
{"level":"info","message":"::ffff:127.0.0.1 - - [02/Aug/2025:07:08:10 +0000] \"POST /user/auth/signup HTTP/1.1\" 200 90 \"-\" \"okhttp/4.9.2\"","timestamp":"2025-08-02 12:38:10"}
{"level":"info","message":"::ffff:127.0.0.1 - - [02/Aug/2025:07:08:29 +0000] \"POST /user/auth/verify-otp HTTP/1.1\" 200 107 \"-\" \"okhttp/4.9.2\"","timestamp":"2025-08-02 12:38:29"}
{"level":"info","message":"::ffff:127.0.0.1 - - [02/Aug/2025:07:08:32 +0000] \"POST /user/auth/verify-otp HTTP/1.1\" 400 39 \"-\" \"okhttp/4.9.2\"","timestamp":"2025-08-02 12:38:32"}
{"level":"info","message":"::ffff:127.0.0.1 - - [02/Aug/2025:07:08:57 +0000] \"POST /user/auth/login HTTP/1.1\" 200 337 \"-\" \"okhttp/4.9.2\"","timestamp":"2025-08-02 12:38:57"}
{"level":"info","message":"::ffff:127.0.0.1 - - [02/Aug/2025:07:09:24 +0000] \"PATCH /user/info/onboarding HTTP/1.1\" 200 624 \"-\" \"okhttp/4.9.2\"","timestamp":"2025-08-02 12:39:24"}
{"level":"info","message":"::ffff:127.0.0.1 - - [02/Aug/2025:07:09:33 +0000] \"PATCH /user/info/onboarding HTTP/1.1\" 200 706 \"-\" \"okhttp/4.9.2\"","timestamp":"2025-08-02 12:39:33"}
{"level":"info","message":"::ffff:127.0.0.1 - - [02/Aug/2025:07:09:39 +0000] \"PATCH /user/info/onboarding HTTP/1.1\" 200 758 \"-\" \"okhttp/4.9.2\"","timestamp":"2025-08-02 12:39:39"}
{"level":"info","message":"::ffff:127.0.0.1 - - [02/Aug/2025:07:10:33 +0000] \"PATCH /user/info/onboarding HTTP/1.1\" 200 1023 \"-\" \"okhttp/4.9.2\"","timestamp":"2025-08-02 12:40:33"}
{"level":"info","message":"::ffff:127.0.0.1 - - [02/Aug/2025:07:43:17 +0000] \"POST /user/auth/signup HTTP/1.1\" 200 90 \"-\" \"okhttp/4.9.2\"","timestamp":"2025-08-02 13:13:17"}
{"level":"info","message":"::ffff:127.0.0.1 - - [02/Aug/2025:07:43:41 +0000] \"POST /user/auth/verify-otp HTTP/1.1\" 200 106 \"-\" \"okhttp/4.9.2\"","timestamp":"2025-08-02 13:13:41"}
{"level":"info","message":"::ffff:127.0.0.1 - - [02/Aug/2025:07:43:45 +0000] \"POST /user/auth/verify-otp HTTP/1.1\" 400 39 \"-\" \"okhttp/4.9.2\"","timestamp":"2025-08-02 13:13:45"}
{"level":"info","message":"::ffff:127.0.0.1 - - [02/Aug/2025:07:44:07 +0000] \"POST /user/auth/login HTTP/1.1\" 200 336 \"-\" \"okhttp/4.9.2\"","timestamp":"2025-08-02 13:14:07"}
{"level":"info","message":"::ffff:127.0.0.1 - - [02/Aug/2025:07:44:43 +0000] \"PATCH /user/info/onboarding HTTP/1.1\" 200 621 \"-\" \"okhttp/4.9.2\"","timestamp":"2025-08-02 13:14:43"}
{"level":"info","message":"::ffff:127.0.0.1 - - [02/Aug/2025:07:45:05 +0000] \"PATCH /user/info/onboarding HTTP/1.1\" 200 702 \"-\" \"okhttp/4.9.2\"","timestamp":"2025-08-02 13:15:05"}
{"level":"info","message":"::ffff:127.0.0.1 - - [02/Aug/2025:07:45:10 +0000] \"PATCH /user/info/onboarding HTTP/1.1\" 200 755 \"-\" \"okhttp/4.9.2\"","timestamp":"2025-08-02 13:15:10"}
{"level":"info","message":"::ffff:127.0.0.1 - - [02/Aug/2025:07:46:43 +0000] \"PATCH /user/info/onboarding HTTP/1.1\" 200 1074 \"-\" \"okhttp/4.9.2\"","timestamp":"2025-08-02 13:16:43"}
{"level":"info","message":"::ffff:127.0.0.1 - - [02/Aug/2025:10:30:04 +0000] \"PATCH /user/info/onboarding HTTP/1.1\" 200 1170 \"-\" \"okhttp/4.9.2\"","timestamp":"2025-08-02 16:00:04"}
{"level":"info","message":"::ffff:127.0.0.1 - - [02/Aug/2025:10:30:26 +0000] \"PATCH /user/info/onboarding HTTP/1.1\" 200 1170 \"-\" \"okhttp/4.9.2\"","timestamp":"2025-08-02 16:00:26"}
{"level":"info","message":"::ffff:127.0.0.1 - - [02/Aug/2025:10:53:15 +0000] \"POST /user/auth/signup HTTP/1.1\" 200 90 \"-\" \"okhttp/4.9.2\"","timestamp":"2025-08-02 16:23:15"}
{"level":"info","message":"::ffff:127.0.0.1 - - [02/Aug/2025:10:54:13 +0000] \"POST /user/auth/verify-otp HTTP/1.1\" 200 105 \"-\" \"okhttp/4.9.2\"","timestamp":"2025-08-02 16:24:13"}
{"level":"info","message":"::ffff:127.0.0.1 - - [02/Aug/2025:10:57:21 +0000] \"POST /user/auth/verify-otp HTTP/1.1\" 400 39 \"-\" \"okhttp/4.9.2\"","timestamp":"2025-08-02 16:27:21"}
{"level":"info","message":"::ffff:127.0.0.1 - - [02/Aug/2025:10:57:53 +0000] \"POST /user/auth/signup HTTP/1.1\" 200 90 \"-\" \"okhttp/4.9.2\"","timestamp":"2025-08-02 16:27:53"}
{"level":"info","message":"::ffff:127.0.0.1 - - [02/Aug/2025:10:58:13 +0000] \"POST /user/auth/verify-otp HTTP/1.1\" 200 105 \"-\" \"okhttp/4.9.2\"","timestamp":"2025-08-02 16:28:13"}
{"level":"info","message":"::ffff:127.0.0.1 - - [02/Aug/2025:11:10:06 +0000] \"POST /user/auth/signup HTTP/1.1\" 200 90 \"-\" \"okhttp/4.9.2\"","timestamp":"2025-08-02 16:40:06"}
{"level":"info","message":"::ffff:127.0.0.1 - - [02/Aug/2025:11:10:33 +0000] \"POST /user/auth/verify-otp HTTP/1.1\" 200 336 \"-\" \"okhttp/4.9.2\"","timestamp":"2025-08-02 16:40:33"}
{"level":"info","message":"::ffff:127.0.0.1 - - [02/Aug/2025:11:11:17 +0000] \"PATCH /user/info/onboarding HTTP/1.1\" 200 624 \"-\" \"okhttp/4.9.2\"","timestamp":"2025-08-02 16:41:17"}
{"level":"info","message":"::ffff:127.0.0.1 - - [02/Aug/2025:11:11:44 +0000] \"PATCH /user/info/onboarding HTTP/1.1\" 200 707 \"-\" \"okhttp/4.9.2\"","timestamp":"2025-08-02 16:41:44"}
{"level":"info","message":"::ffff:127.0.0.1 - - [02/Aug/2025:11:11:55 +0000] \"PATCH /user/info/onboarding HTTP/1.1\" 200 759 \"-\" \"okhttp/4.9.2\"","timestamp":"2025-08-02 16:41:55"}
{"level":"info","message":"::ffff:127.0.0.1 - - [02/Aug/2025:11:11:56 +0000] \"GET /onboarding HTTP/1.1\" 404 149 \"-\" \"okhttp/4.9.2\"","timestamp":"2025-08-02 16:41:56"}
{"level":"info","message":"::ffff:127.0.0.1 - - [02/Aug/2025:11:12:42 +0000] \"PATCH /user/info/onboarding HTTP/1.1\" 200 759 \"-\" \"okhttp/4.9.2\"","timestamp":"2025-08-02 16:42:42"}
{"level":"info","message":"::ffff:127.0.0.1 - - [02/Aug/2025:11:12:45 +0000] \"GET /onboarding HTTP/1.1\" 404 149 \"-\" \"okhttp/4.9.2\"","timestamp":"2025-08-02 16:42:45"}
{"level":"info","message":"::ffff:127.0.0.1 - - [02/Aug/2025:11:19:38 +0000] \"GET /user/info/onboarding HTTP/1.1\" 200 421 \"-\" \"okhttp/4.9.2\"","timestamp":"2025-08-02 16:49:38"}
{"level":"info","message":"::ffff:127.0.0.1 - - [02/Aug/2025:11:19:41 +0000] \"PATCH /user/info/onboarding HTTP/1.1\" 200 759 \"-\" \"okhttp/4.9.2\"","timestamp":"2025-08-02 16:49:41"}
{"level":"info","message":"::ffff:127.0.0.1 - - [02/Aug/2025:11:19:55 +0000] \"PATCH /user/info/onboarding HTTP/1.1\" 200 759 \"-\" \"okhttp/4.9.2\"","timestamp":"2025-08-02 16:49:55"}
{"level":"info","message":"::ffff:127.0.0.1 - - [02/Aug/2025:11:19:56 +0000] \"GET /user/info/onboarding HTTP/1.1\" 200 421 \"-\" \"okhttp/4.9.2\"","timestamp":"2025-08-02 16:49:56"}
{"level":"info","message":"::ffff:127.0.0.1 - - [02/Aug/2025:11:23:05 +0000] \"PATCH /user/info/onboarding HTTP/1.1\" 200 771 \"-\" \"okhttp/4.9.2\"","timestamp":"2025-08-02 16:53:05"}
{"level":"info","message":"::ffff:127.0.0.1 - - [02/Aug/2025:11:23:15 +0000] \"PATCH /user/info/onboarding HTTP/1.1\" 200 769 \"-\" \"okhttp/4.9.2\"","timestamp":"2025-08-02 16:53:15"}
{"level":"info","message":"::ffff:127.0.0.1 - - [02/Aug/2025:11:23:21 +0000] \"PATCH /user/info/onboarding HTTP/1.1\" 200 769 \"-\" \"okhttp/4.9.2\"","timestamp":"2025-08-02 16:53:21"}
{"level":"info","message":"::ffff:127.0.0.1 - - [02/Aug/2025:11:23:22 +0000] \"GET /user/info/onboarding HTTP/1.1\" 200 431 \"-\" \"okhttp/4.9.2\"","timestamp":"2025-08-02 16:53:22"}
{"level":"info","message":"::ffff:127.0.0.1 - - [02/Aug/2025:11:27:03 +0000] \"GET /onboarding HTTP/1.1\" 404 149 \"-\" \"okhttp/4.9.2\"","timestamp":"2025-08-02 16:57:03"}
{"level":"info","message":"::ffff:127.0.0.1 - - [02/Aug/2025:11:27:27 +0000] \"GET /user/info/onboarding HTTP/1.1\" 304 - \"-\" \"okhttp/4.9.2\"","timestamp":"2025-08-02 16:57:27"}
{"level":"info","message":"::ffff:127.0.0.1 - - [02/Aug/2025:11:28:34 +0000] \"PATCH /user/info/onboarding HTTP/1.1\" 200 1214 \"-\" \"okhttp/4.9.2\"","timestamp":"2025-08-02 16:58:34"}
{"level":"info","message":"::1 - - [02/Aug/2025:11:31:01 +0000] \"POST /user/auth/login HTTP/1.1\" 200 335 \"-\" \"PostmanRuntime/7.45.0\"","timestamp":"2025-08-02 17:01:01"}
{"level":"info","message":"::1 - - [02/Aug/2025:11:31:24 +0000] \"GET /user/info/onboarding HTTP/1.1\" 404 28 \"-\" \"PostmanRuntime/7.45.0\"","timestamp":"2025-08-02 17:01:24"}
{"level":"info","message":"::1 - - [02/Aug/2025:11:31:32 +0000] \"GET /user/info/onboarding HTTP/1.1\" 404 28 \"-\" \"PostmanRuntime/7.45.0\"","timestamp":"2025-08-02 17:01:32"}
{"level":"info","message":"::1 - - [02/Aug/2025:11:31:34 +0000] \"GET /user/info/onboarding HTTP/1.1\" 404 28 \"-\" \"PostmanRuntime/7.45.0\"","timestamp":"2025-08-02 17:01:34"}
{"level":"info","message":"::1 - - [02/Aug/2025:11:31:35 +0000] \"GET /user/info/onboarding HTTP/1.1\" 404 28 \"-\" \"PostmanRuntime/7.45.0\"","timestamp":"2025-08-02 17:01:35"}
{"level":"info","message":"::1 - - [02/Aug/2025:11:31:37 +0000] \"GET /user/info/onboarding HTTP/1.1\" 404 28 \"-\" \"PostmanRuntime/7.45.0\"","timestamp":"2025-08-02 17:01:37"}
{"level":"info","message":"::ffff:127.0.0.1 - - [02/Aug/2025:11:50:16 +0000] \"GET /user/info/onboarding HTTP/1.1\" 200 192 \"-\" \"okhttp/4.9.2\"","timestamp":"2025-08-02 17:20:16"}
{"level":"info","message":"::ffff:127.0.0.1 - - [02/Aug/2025:11:50:40 +0000] \"PATCH /user/info/onboarding HTTP/1.1\" 200 1214 \"-\" \"okhttp/4.9.2\"","timestamp":"2025-08-02 17:20:40"}
{"level":"info","message":"::ffff:127.0.0.1 - - [02/Aug/2025:11:54:23 +0000] \"GET /user/info/onboarding HTTP/1.1\" 200 192 \"-\" \"okhttp/4.9.2\"","timestamp":"2025-08-02 17:24:23"}
{"level":"info","message":"::ffff:127.0.0.1 - - [02/Aug/2025:11:55:53 +0000] \"GET /user/info/onboarding HTTP/1.1\" 304 - \"-\" \"okhttp/4.9.2\"","timestamp":"2025-08-02 17:25:53"}
{"level":"info","message":"::ffff:127.0.0.1 - - [02/Aug/2025:11:55:59 +0000] \"PATCH /user/info/onboarding HTTP/1.1\" 200 1214 \"-\" \"okhttp/4.9.2\"","timestamp":"2025-08-02 17:25:59"}
{"level":"info","message":"::ffff:127.0.0.1 - - [02/Aug/2025:12:00:10 +0000] \"GET /user/info/onboarding HTTP/1.1\" 200 192 \"-\" \"okhttp/4.9.2\"","timestamp":"2025-08-02 17:30:10"}
{"level":"info","message":"::ffff:127.0.0.1 - - [02/Aug/2025:12:01:59 +0000] \"GET /user/info/onboarding HTTP/1.1\" 304 - \"-\" \"okhttp/4.9.2\"","timestamp":"2025-08-02 17:31:59"}
{"level":"info","message":"::ffff:127.0.0.1 - - [02/Aug/2025:12:08:19 +0000] \"GET /user/info/onboarding HTTP/1.1\" 304 - \"-\" \"okhttp/4.9.2\"","timestamp":"2025-08-02 17:38:19"}
{"level":"info","message":"::ffff:127.0.0.1 - - [02/Aug/2025:12:10:15 +0000] \"GET /user/info/onboarding HTTP/1.1\" 304 - \"-\" \"okhttp/4.9.2\"","timestamp":"2025-08-02 17:40:15"}
{"level":"info","message":"::ffff:127.0.0.1 - - [02/Aug/2025:12:11:59 +0000] \"GET /user/info/onboarding HTTP/1.1\" 200 207 \"-\" \"okhttp/4.9.2\"","timestamp":"2025-08-02 17:41:59"}
{"level":"info","message":"::ffff:127.0.0.1 - - [02/Aug/2025:12:12:41 +0000] \"PATCH /user/info/onboarding HTTP/1.1\" 200 1214 \"-\" \"okhttp/4.9.2\"","timestamp":"2025-08-02 17:42:41"}
{"level":"info","message":"::ffff:127.0.0.1 - - [02/Aug/2025:12:16:17 +0000] \"POST /user/auth/login HTTP/1.1\" 404 29 \"-\" \"okhttp/4.9.2\"","timestamp":"2025-08-02 17:46:17"}
{"level":"info","message":"::ffff:127.0.0.1 - - [02/Aug/2025:12:16:53 +0000] \"POST /user/auth/signup HTTP/1.1\" 500 35 \"-\" \"okhttp/4.9.2\"","timestamp":"2025-08-02 17:46:53"}
{"level":"info","message":"::ffff:127.0.0.1 - - [02/Aug/2025:12:20:19 +0000] \"POST /user/auth/signup HTTP/1.1\" 500 35 \"-\" \"okhttp/4.9.2\"","timestamp":"2025-08-02 17:50:19"}
{"level":"info","message":"::ffff:127.0.0.1 - - [02/Aug/2025:12:21:58 +0000] \"POST /user/auth/signup HTTP/1.1\" 200 90 \"-\" \"okhttp/4.9.2\"","timestamp":"2025-08-02 17:51:58"}
{"level":"info","message":"::ffff:127.0.0.1 - - [02/Aug/2025:12:23:03 +0000] \"POST /user/auth/login HTTP/1.1\" 404 29 \"-\" \"okhttp/4.9.2\"","timestamp":"2025-08-02 17:53:03"}
{"level":"info","message":"::ffff:127.0.0.1 - - [02/Aug/2025:12:23:35 +0000] \"POST /user/auth/signup HTTP/1.1\" 200 90 \"-\" \"okhttp/4.9.2\"","timestamp":"2025-08-02 17:53:35"}
{"level":"info","message":"::ffff:127.0.0.1 - - [02/Aug/2025:12:24:10 +0000] \"POST /user/auth/verify-otp HTTP/1.1\" 500 38 \"-\" \"okhttp/4.9.2\"","timestamp":"2025-08-02 17:54:10"}
{"level":"info","message":"::ffff:127.0.0.1 - - [02/Aug/2025:12:24:40 +0000] \"POST /user/auth/verify-otp HTTP/1.1\" 500 38 \"-\" \"okhttp/4.9.2\"","timestamp":"2025-08-02 17:54:40"}
{"level":"info","message":"::ffff:127.0.0.1 - - [02/Aug/2025:12:35:19 +0000] \"POST /user/auth/verify-otp HTTP/1.1\" 404 29 \"-\" \"okhttp/4.9.2\"","timestamp":"2025-08-02 18:05:19"}
{"level":"info","message":"::ffff:127.0.0.1 - - [02/Aug/2025:12:35:45 +0000] \"POST /user/auth/signup HTTP/1.1\" 200 90 \"-\" \"okhttp/4.9.2\"","timestamp":"2025-08-02 18:05:45"}
{"level":"info","message":"::ffff:127.0.0.1 - - [02/Aug/2025:12:36:17 +0000] \"POST /user/auth/verify-otp HTTP/1.1\" 200 321 \"-\" \"okhttp/4.9.2\"","timestamp":"2025-08-02 18:06:17"}
{"level":"info","message":"::ffff:127.0.0.1 - - [02/Aug/2025:12:37:07 +0000] \"PATCH /user/info/onboarding HTTP/1.1\" 200 625 \"-\" \"okhttp/4.9.2\"","timestamp":"2025-08-02 18:07:07"}
{"level":"info","message":"::ffff:127.0.0.1 - - [02/Aug/2025:12:37:24 +0000] \"PATCH /user/info/onboarding HTTP/1.1\" 200 708 \"-\" \"okhttp/4.9.2\"","timestamp":"2025-08-02 18:07:24"}
{"level":"info","message":"::ffff:127.0.0.1 - - [02/Aug/2025:12:37:36 +0000] \"PATCH /user/info/onboarding HTTP/1.1\" 200 761 \"-\" \"okhttp/4.9.2\"","timestamp":"2025-08-02 18:07:36"}
{"level":"info","message":"::ffff:127.0.0.1 - - [02/Aug/2025:12:37:37 +0000] \"GET /user/info/onboarding HTTP/1.1\" 200 58 \"-\" \"okhttp/4.9.2\"","timestamp":"2025-08-02 18:07:37"}
{"level":"info","message":"::ffff:127.0.0.1 - - [02/Aug/2025:12:38:43 +0000] \"PATCH /user/info/onboarding HTTP/1.1\" 200 1232 \"-\" \"okhttp/4.9.2\"","timestamp":"2025-08-02 18:08:43"}
{"level":"info","message":"::ffff:127.0.0.1 - - [02/Aug/2025:12:38:44 +0000] \"GET /user/info/onboarding HTTP/1.1\" 200 234 \"-\" \"okhttp/4.9.2\"","timestamp":"2025-08-02 18:08:44"}
{"level":"info","message":"::ffff:127.0.0.1 - - [02/Aug/2025:12:38:55 +0000] \"PATCH /user/info/onboarding HTTP/1.1\" 200 1232 \"-\" \"okhttp/4.9.2\"","timestamp":"2025-08-02 18:08:55"}
{"level":"info","message":"::ffff:127.0.0.1 - - [02/Aug/2025:12:53:21 +0000] \"POST /user/auth/login HTTP/1.1\" 200 316 \"-\" \"okhttp/4.9.2\"","timestamp":"2025-08-02 18:23:21"}
{"level":"info","message":"::ffff:127.0.0.1 - - [02/Aug/2025:12:54:52 +0000] \"GET /user/info/onboarding HTTP/1.1\" 200 234 \"-\" \"okhttp/4.9.2\"","timestamp":"2025-08-02 18:24:52"}
{"level":"info","message":"::ffff:127.0.0.1 - - [02/Aug/2025:12:55:06 +0000] \"PATCH /user/info/onboarding HTTP/1.1\" 200 1232 \"-\" \"okhttp/4.9.2\"","timestamp":"2025-08-02 18:25:06"}
{"level":"info","message":"::ffff:127.0.0.1 - - [02/Aug/2025:13:22:53 +0000] \"POST /user/auth/login HTTP/1.1\" 200 316 \"-\" \"okhttp/4.9.2\"","timestamp":"2025-08-02 18:52:53"}
{"level":"info","message":"::ffff:127.0.0.1 - - [02/Aug/2025:13:26:12 +0000] \"POST /user/auth/login HTTP/1.1\" 404 29 \"-\" \"okhttp/4.9.2\"","timestamp":"2025-08-02 18:56:12"}
{"level":"info","message":"::ffff:127.0.0.1 - - [02/Aug/2025:13:27:07 +0000] \"POST /user/auth/signup HTTP/1.1\" 200 90 \"-\" \"okhttp/4.9.2\"","timestamp":"2025-08-02 18:57:07"}
{"level":"info","message":"::ffff:127.0.0.1 - - [02/Aug/2025:13:27:26 +0000] \"POST /user/auth/verify-otp HTTP/1.1\" 200 321 \"-\" \"okhttp/4.9.2\"","timestamp":"2025-08-02 18:57:26"}
{"level":"info","message":"::ffff:127.0.0.1 - - [02/Aug/2025:13:28:15 +0000] \"PATCH /user/info/onboarding HTTP/1.1\" 200 625 \"-\" \"okhttp/4.9.2\"","timestamp":"2025-08-02 18:58:15"}
{"level":"info","message":"::ffff:127.0.0.1 - - [02/Aug/2025:13:28:31 +0000] \"PATCH /user/info/onboarding HTTP/1.1\" 200 708 \"-\" \"okhttp/4.9.2\"","timestamp":"2025-08-02 18:58:31"}
{"level":"info","message":"::ffff:127.0.0.1 - - [02/Aug/2025:13:28:41 +0000] \"PATCH /user/info/onboarding HTTP/1.1\" 200 760 \"-\" \"okhttp/4.9.2\"","timestamp":"2025-08-02 18:58:41"}
{"level":"info","message":"::ffff:127.0.0.1 - - [02/Aug/2025:13:28:42 +0000] \"GET /user/info/onboarding HTTP/1.1\" 200 58 \"-\" \"okhttp/4.9.2\"","timestamp":"2025-08-02 18:58:42"}
{"level":"info","message":"::ffff:127.0.0.1 - - [02/Aug/2025:13:30:15 +0000] \"PATCH /user/info/onboarding HTTP/1.1\" 200 1236 \"-\" \"okhttp/4.9.2\"","timestamp":"2025-08-02 19:00:15"}
{"level":"info","message":"::ffff:127.0.0.1 - - [02/Aug/2025:13:30:25 +0000] \"GET /user/info/onboarding HTTP/1.1\" 200 239 \"-\" \"okhttp/4.9.2\"","timestamp":"2025-08-02 19:00:25"}
{"level":"info","message":"::ffff:127.0.0.1 - - [02/Aug/2025:13:30:40 +0000] \"PATCH /user/info/onboarding HTTP/1.1\" 200 1236 \"-\" \"okhttp/4.9.2\"","timestamp":"2025-08-02 19:00:40"}
=======
>>>>>>> 613bbb4c0073d8a42f746877835fb7060a2b698d
